<?xml version="1.0" encoding="UTF-8"?>
<!-- Generated by org.testng.reporters.JUnitXMLReporter -->
<testsuite ignored="0" hostname="1234-1209" failures="2" tests="16" name="Test" time="144.853" errors="0" timestamp="2024-07-26T16:29:56 IST">
  <testcase classname="testCases.TC02_Signup_Page" name="testsignup" time="0.956">
    <failure type="org.openqa.selenium.ElementNotInteractableException" message="element not interactable
  (Session info: chrome=126.0.6478.185)
Build info: version: &amp;apos;4.22.0&amp;apos;, revision: &amp;apos;c5f3146703*&amp;apos;
System info: os.name: &amp;apos;Windows 11&amp;apos;, os.arch: &amp;apos;amd64&amp;apos;, os.version: &amp;apos;10.0&amp;apos;, java.version: &amp;apos;21.0.3&amp;apos;
Driver info: org.openqa.selenium.chrome.ChromeDriver
Command: [c89737453a62ad28ac13c745d0201aec, sendKeysToElement {value=[Ljava.lang.CharSequence;@4f82663e, id=f.983933E3A0ACDADDEB820510FEB8D526.d.923B72BA968BC240AC0A382007617E24.e.54}]
Capabilities {acceptInsecureCerts: false, browserName: chrome, browserVersion: 126.0.6478.185, chrome: {chromedriverVersion: 126.0.6478.182 (5b5d8292ddf..., userDataDir: C:\Windows\SystemTemp\scope...}, fedcm:accounts: true, goog:chromeOptions: {debuggerAddress: localhost:64745}, networkConnectionEnabled: false, pageLoadStrategy: normal, platformName: windows, proxy: Proxy(), se:cdp: ws://localhost:64745/devtoo..., se:cdpVersion: 126.0.6478.185, setWindowRect: true, strictFileInteractability: false, timeouts: {implicit: 0, pageLoad: 300000, script: 30000}, unhandledPromptBehavior: dismiss and notify, webauthn:extension:credBlob: true, webauthn:extension:largeBlob: true, webauthn:extension:minPinLength: true, webauthn:extension:prf: true, webauthn:virtualAuthenticators: true}
Element: [[ChromeDriver: chrome on windows (c89737453a62ad28ac13c745d0201aec)] -&amp;gt; xpath: //img[@id=&amp;apos;m_imgCaptcha&amp;apos;]]
Session ID: c89737453a62ad28ac13c745d0201aec">
      <![CDATA[org.openqa.selenium.ElementNotInteractableException: element not interactable
  (Session info: chrome=126.0.6478.185)
Build info: version: '4.22.0', revision: 'c5f3146703*'
System info: os.name: 'Windows 11', os.arch: 'amd64', os.version: '10.0', java.version: '21.0.3'
Driver info: org.openqa.selenium.chrome.ChromeDriver
Command: [c89737453a62ad28ac13c745d0201aec, sendKeysToElement {value=[Ljava.lang.CharSequence;@4f82663e, id=f.983933E3A0ACDADDEB820510FEB8D526.d.923B72BA968BC240AC0A382007617E24.e.54}]
Capabilities {acceptInsecureCerts: false, browserName: chrome, browserVersion: 126.0.6478.185, chrome: {chromedriverVersion: 126.0.6478.182 (5b5d8292ddf..., userDataDir: C:\Windows\SystemTemp\scope...}, fedcm:accounts: true, goog:chromeOptions: {debuggerAddress: localhost:64745}, networkConnectionEnabled: false, pageLoadStrategy: normal, platformName: windows, proxy: Proxy(), se:cdp: ws://localhost:64745/devtoo..., se:cdpVersion: 126.0.6478.185, setWindowRect: true, strictFileInteractability: false, timeouts: {implicit: 0, pageLoad: 300000, script: 30000}, unhandledPromptBehavior: dismiss and notify, webauthn:extension:credBlob: true, webauthn:extension:largeBlob: true, webauthn:extension:minPinLength: true, webauthn:extension:prf: true, webauthn:virtualAuthenticators: true}
Element: [[ChromeDriver: chrome on windows (c89737453a62ad28ac13c745d0201aec)] -> xpath: //img[@id='m_imgCaptcha']]
Session ID: c89737453a62ad28ac13c745d0201aec
at org.openqa.selenium.remote.ErrorCodec.decode(ErrorCodec.java:167)
at org.openqa.selenium.remote.codec.w3c.W3CHttpResponseCodec.decode(W3CHttpResponseCodec.java:138)
at org.openqa.selenium.remote.codec.w3c.W3CHttpResponseCodec.decode(W3CHttpResponseCodec.java:50)
at org.openqa.selenium.remote.HttpCommandExecutor.execute(HttpCommandExecutor.java:190)
at org.openqa.selenium.remote.service.DriverCommandExecutor.invokeExecute(DriverCommandExecutor.java:216)
at org.openqa.selenium.remote.service.DriverCommandExecutor.execute(DriverCommandExecutor.java:174)
at org.openqa.selenium.remote.RemoteWebDriver.execute(RemoteWebDriver.java:518)
at org.openqa.selenium.remote.RemoteWebElement.execute(RemoteWebElement.java:223)
at org.openqa.selenium.remote.RemoteWebElement.sendKeys(RemoteWebElement.java:110)
at org.openqa.selenium.support.pagefactory.internal.LocatingElementHandler.invoke(LocatingElementHandler.java:51)
at jdk.proxy2/jdk.proxy2.$Proxy28.sendKeys(Unknown Source)
at pageObjects.Locators_Class.enterCaptcha(Locators_Class.java:219)
at testCases.TC02_Signup_Page.testsignup(TC02_Signup_Page.java:34)
at java.base/java.util.ArrayList.forEach(ArrayList.java:1596)
... Removed 30 stack frames]]>
    </failure>
  </testcase> <!-- testsignup -->
  <testcase classname="testCases.TC01_Sign_in_Page" name="testsignin" time="2.277"/>
  <testcase classname="testCases.TC03_Computers_Page" name="computerPage" time="2.327"/>
  <testcase classname="testCases.TC04_Groups_Page" name="grouppage" time="3.854"/>
  <testcase classname="testCases.TC05_Policies_Page" name="grouppage" time="1.48"/>
  <testcase classname="testCases.TC06_Application_Page" name="applicationpage" time="3.232"/>
  <testcase classname="testCases.TC07_WindowsUpdate_Page" name="wupage" time="1.455"/>
  <testcase classname="testCases.TC08_Imaging_Page" name="imagingpage" time="10.331"/>
  <testcase classname="testCases.TC09_Inventory_Page" name="invonterypage" time="7.812"/>
  <testcase classname="testCases.TC10_Tickets_Page" name="ticketspage" time="2.055"/>
  <testcase classname="testCases.TC11_DFOD_Page" name="dfodpage" time="12.582">
    <failure type="org.openqa.selenium.ElementNotInteractableException" message="element not interactable
  (Session info: chrome=126.0.6478.185)
Build info: version: &amp;apos;4.22.0&amp;apos;, revision: &amp;apos;c5f3146703*&amp;apos;
System info: os.name: &amp;apos;Windows 11&amp;apos;, os.arch: &amp;apos;amd64&amp;apos;, os.version: &amp;apos;10.0&amp;apos;, java.version: &amp;apos;21.0.3&amp;apos;
Driver info: org.openqa.selenium.chrome.ChromeDriver
Command: [01a1052840cbfe97ec4f080863dfac1b, clickElement {id=f.32A824E738A896DAC4A9FAF564897540.d.7A51D0FFFA791D4C7B92465BADCE882F.e.280}]
Capabilities {acceptInsecureCerts: false, browserName: chrome, browserVersion: 126.0.6478.185, chrome: {chromedriverVersion: 126.0.6478.182 (5b5d8292ddf..., userDataDir: C:\Windows\SystemTemp\scope...}, fedcm:accounts: true, goog:chromeOptions: {debuggerAddress: localhost:64952}, networkConnectionEnabled: false, pageLoadStrategy: normal, platformName: windows, proxy: Proxy(), se:cdp: ws://localhost:64952/devtoo..., se:cdpVersion: 126.0.6478.185, setWindowRect: true, strictFileInteractability: false, timeouts: {implicit: 0, pageLoad: 300000, script: 30000}, unhandledPromptBehavior: dismiss and notify, webauthn:extension:credBlob: true, webauthn:extension:largeBlob: true, webauthn:extension:minPinLength: true, webauthn:extension:prf: true, webauthn:virtualAuthenticators: true}
Element: [[ChromeDriver: chrome on windows (01a1052840cbfe97ec4f080863dfac1b)] -&amp;gt; xpath: //a[normalize-space()=&amp;apos;MANAGE SCHEDULES&amp;apos;]]
Session ID: 01a1052840cbfe97ec4f080863dfac1b">
      <![CDATA[org.openqa.selenium.ElementNotInteractableException: element not interactable
  (Session info: chrome=126.0.6478.185)
Build info: version: '4.22.0', revision: 'c5f3146703*'
System info: os.name: 'Windows 11', os.arch: 'amd64', os.version: '10.0', java.version: '21.0.3'
Driver info: org.openqa.selenium.chrome.ChromeDriver
Command: [01a1052840cbfe97ec4f080863dfac1b, clickElement {id=f.32A824E738A896DAC4A9FAF564897540.d.7A51D0FFFA791D4C7B92465BADCE882F.e.280}]
Capabilities {acceptInsecureCerts: false, browserName: chrome, browserVersion: 126.0.6478.185, chrome: {chromedriverVersion: 126.0.6478.182 (5b5d8292ddf..., userDataDir: C:\Windows\SystemTemp\scope...}, fedcm:accounts: true, goog:chromeOptions: {debuggerAddress: localhost:64952}, networkConnectionEnabled: false, pageLoadStrategy: normal, platformName: windows, proxy: Proxy(), se:cdp: ws://localhost:64952/devtoo..., se:cdpVersion: 126.0.6478.185, setWindowRect: true, strictFileInteractability: false, timeouts: {implicit: 0, pageLoad: 300000, script: 30000}, unhandledPromptBehavior: dismiss and notify, webauthn:extension:credBlob: true, webauthn:extension:largeBlob: true, webauthn:extension:minPinLength: true, webauthn:extension:prf: true, webauthn:virtualAuthenticators: true}
Element: [[ChromeDriver: chrome on windows (01a1052840cbfe97ec4f080863dfac1b)] -> xpath: //a[normalize-space()='MANAGE SCHEDULES']]
Session ID: 01a1052840cbfe97ec4f080863dfac1b
at org.openqa.selenium.remote.ErrorCodec.decode(ErrorCodec.java:167)
at org.openqa.selenium.remote.codec.w3c.W3CHttpResponseCodec.decode(W3CHttpResponseCodec.java:138)
at org.openqa.selenium.remote.codec.w3c.W3CHttpResponseCodec.decode(W3CHttpResponseCodec.java:50)
at org.openqa.selenium.remote.HttpCommandExecutor.execute(HttpCommandExecutor.java:190)
at org.openqa.selenium.remote.service.DriverCommandExecutor.invokeExecute(DriverCommandExecutor.java:216)
at org.openqa.selenium.remote.service.DriverCommandExecutor.execute(DriverCommandExecutor.java:174)
at org.openqa.selenium.remote.RemoteWebDriver.execute(RemoteWebDriver.java:518)
at org.openqa.selenium.remote.RemoteWebElement.execute(RemoteWebElement.java:223)
at org.openqa.selenium.remote.RemoteWebElement.click(RemoteWebElement.java:76)
at org.openqa.selenium.support.pagefactory.internal.LocatingElementHandler.invoke(LocatingElementHandler.java:51)
at jdk.proxy2/jdk.proxy2.$Proxy28.click(Unknown Source)
at pageObjects.Locators_Class.dfodschedule(Locators_Class.java:162)
at testCases.TC11_DFOD_Page.dfodpage(TC11_DFOD_Page.java:24)
at java.base/java.util.ArrayList.forEach(ArrayList.java:1596)
... Removed 30 stack frames]]>
    </failure>
  </testcase> <!-- dfodpage -->
  <testcase classname="testCases.TC12_UsageStats_Page" name="usagestats" time="4.943"/>
  <testcase classname="testCases.TC13_MDM_Page" name="mdmpage" time="12.229"/>
  <testcase classname="testCases.TC16_Tag_Page" name="tagpage" time="0.502"/>
  <testcase classname="testCases.TC17_TaskStatus_Page" name="taskstatus" time="2.971"/>
  <testcase classname="testCases.TC18_Alerts_Page" name="alertpage" time="0.164"/>
</testsuite> <!-- Test -->
