<?xml version="1.0" encoding="UTF-8"?>
<!-- Generated by org.testng.reporters.JUnitXMLReporter -->
<testsuite ignored="30" hostname="1234-1209" failures="2" tests="18" name="Test" time="82.984" errors="0" timestamp="2024-08-09T19:30:04 IST">
  <testcase classname="testCases.TC01_Sign_in_Page" name="testsignin" time="9.639"/>
  <testcase classname="testCases.TC03_Computers_Page" name="computerPageTest" time="15.478"/>
  <testcase classname="testCases.TC04_Groups_Page" name="grouppage" time="6.544"/>
  <testcase classname="testCases.TC05_Policies_Page" name="PolicyPage" time="1.331"/>
  <testcase classname="testCases.TC05_Policies_Page" name="policypage1" time="4.617"/>
  <testcase classname="testCases.TC06_Application_Page" name="applicationpage" time="10.918"/>
  <testcase classname="testCases.TC07_WindowsUpdate_Page" name="wupage" time="1.446"/>
  <testcase classname="testCases.TC08_Imaging_Page" name="ImagingPage" time="3.032"/>
  <testcase classname="testCases.TC09_Inventory_Page" name="invonterypage" time="4.221"/>
  <testcase classname="testCases.TC10_Tickets_Page" name="ticketspage" time="5.257"/>
  <testcase classname="testCases.TC11_DFOD_Page" name="dfodpage" time="3.052"/>
  <testcase classname="testCases.TC12_UsageStats_Page" name="usagestats" time="2.844"/>
  <testcase classname="testCases.TC13_MDM_Page" name="mdmpage" time="1.615"/>
  <testcase classname="testCases.TC16_Tag_Page" name="tagpage" time="1.089">
    <failure type="org.openqa.selenium.ElementClickInterceptedException" message="element click intercepted: Element &amp;lt;span class=&amp;quot;cust-icon-tags-management&amp;quot; title=&amp;quot;Tags Management&amp;quot;&amp;gt;&amp;lt;/span&amp;gt; is not clickable at point (1162, 45). Other element would receive the click: &amp;lt;div class=&amp;quot;dx-overlay-wrapper dx-loadpanel-wrapper dx-overlay-modal dx-overlay-shader&amp;quot; data-bind=&amp;quot;dxControlsDescendantBindings: true&amp;quot; style=&amp;quot;z-index: 1501; position: fixed; width: 100%; height: 100%; left: 0px; top: 0px; transform: translate(0px, 0px); background-color: transparent;&amp;quot;&amp;gt;...&amp;lt;/div&amp;gt;
  (Session info: chrome=127.0.6533.100)
Build info: version: &amp;apos;4.23.0&amp;apos;, revision: &amp;apos;4df0a231af&amp;apos;
System info: os.name: &amp;apos;Windows 11&amp;apos;, os.arch: &amp;apos;amd64&amp;apos;, os.version: &amp;apos;10.0&amp;apos;, java.version: &amp;apos;21.0.3&amp;apos;
Driver info: org.openqa.selenium.chrome.ChromeDriver
Command: [6797e370ca04f80295b8f1845f3eef3c, clickElement {id=f.14F05AA05EFD5A4ECB845891B543E0A7.d.89FD3BBF49974BDDD7FD7A0AFD1D323A.e.1726}]
Capabilities {acceptInsecureCerts: false, browserName: chrome, browserVersion: 127.0.6533.100, chrome: {chromedriverVersion: 127.0.6533.99 (f31af5097d90..., userDataDir: C:\Windows\SystemTemp\scope...}, fedcm:accounts: true, goog:chromeOptions: {debuggerAddress: localhost:51825}, networkConnectionEnabled: false, pageLoadStrategy: normal, platformName: windows, proxy: Proxy(), se:cdp: ws://localhost:51825/devtoo..., se:cdpVersion: 127.0.6533.100, setWindowRect: true, strictFileInteractability: false, timeouts: {implicit: 0, pageLoad: 300000, script: 30000}, unhandledPromptBehavior: dismiss and notify, webauthn:extension:credBlob: true, webauthn:extension:largeBlob: true, webauthn:extension:minPinLength: true, webauthn:extension:prf: true, webauthn:virtualAuthenticators: true}
Element: [[ChromeDriver: chrome on windows (6797e370ca04f80295b8f1845f3eef3c)] -&amp;gt; xpath: //span[@title=&amp;apos;Tags Management&amp;apos;]]
Session ID: 6797e370ca04f80295b8f1845f3eef3c">
      <![CDATA[org.openqa.selenium.ElementClickInterceptedException: element click intercepted: Element <span class="cust-icon-tags-management" title="Tags Management"></span> is not clickable at point (1162, 45). Other element would receive the click: <div class="dx-overlay-wrapper dx-loadpanel-wrapper dx-overlay-modal dx-overlay-shader" data-bind="dxControlsDescendantBindings: true" style="z-index: 1501; position: fixed; width: 100%; height: 100%; left: 0px; top: 0px; transform: translate(0px, 0px); background-color: transparent;">...</div>
  (Session info: chrome=127.0.6533.100)
Build info: version: '4.23.0', revision: '4df0a231af'
System info: os.name: 'Windows 11', os.arch: 'amd64', os.version: '10.0', java.version: '21.0.3'
Driver info: org.openqa.selenium.chrome.ChromeDriver
Command: [6797e370ca04f80295b8f1845f3eef3c, clickElement {id=f.14F05AA05EFD5A4ECB845891B543E0A7.d.89FD3BBF49974BDDD7FD7A0AFD1D323A.e.1726}]
Capabilities {acceptInsecureCerts: false, browserName: chrome, browserVersion: 127.0.6533.100, chrome: {chromedriverVersion: 127.0.6533.99 (f31af5097d90..., userDataDir: C:\Windows\SystemTemp\scope...}, fedcm:accounts: true, goog:chromeOptions: {debuggerAddress: localhost:51825}, networkConnectionEnabled: false, pageLoadStrategy: normal, platformName: windows, proxy: Proxy(), se:cdp: ws://localhost:51825/devtoo..., se:cdpVersion: 127.0.6533.100, setWindowRect: true, strictFileInteractability: false, timeouts: {implicit: 0, pageLoad: 300000, script: 30000}, unhandledPromptBehavior: dismiss and notify, webauthn:extension:credBlob: true, webauthn:extension:largeBlob: true, webauthn:extension:minPinLength: true, webauthn:extension:prf: true, webauthn:virtualAuthenticators: true}
Element: [[ChromeDriver: chrome on windows (6797e370ca04f80295b8f1845f3eef3c)] -> xpath: //span[@title='Tags Management']]
Session ID: 6797e370ca04f80295b8f1845f3eef3c
at org.openqa.selenium.remote.ErrorCodec.decode(ErrorCodec.java:167)
at org.openqa.selenium.remote.codec.w3c.W3CHttpResponseCodec.decode(W3CHttpResponseCodec.java:138)
at org.openqa.selenium.remote.codec.w3c.W3CHttpResponseCodec.decode(W3CHttpResponseCodec.java:50)
at org.openqa.selenium.remote.HttpCommandExecutor.execute(HttpCommandExecutor.java:190)
at org.openqa.selenium.remote.service.DriverCommandExecutor.invokeExecute(DriverCommandExecutor.java:216)
at org.openqa.selenium.remote.service.DriverCommandExecutor.execute(DriverCommandExecutor.java:174)
at org.openqa.selenium.remote.RemoteWebDriver.execute(RemoteWebDriver.java:527)
at org.openqa.selenium.remote.RemoteWebElement.execute(RemoteWebElement.java:223)
at org.openqa.selenium.remote.RemoteWebElement.click(RemoteWebElement.java:76)
at org.openqa.selenium.support.pagefactory.internal.LocatingElementHandler.invoke(LocatingElementHandler.java:51)
at jdk.proxy2/jdk.proxy2.$Proxy30.click(Unknown Source)
at pageObjects.Tag_Page.tagpage(Tag_Page.java:16)
at testCases.TC16_Tag_Page.tagpage(TC16_Tag_Page.java:11)
at java.base/java.util.ArrayList.forEach(ArrayList.java:1596)
... Removed 30 stack frames]]>
    </failure>
  </testcase> <!-- tagpage -->
  <testcase classname="testCases.TC17_TaskStatus_Page" name="taskstatus" time="1.077">
    <failure type="org.openqa.selenium.ElementClickInterceptedException" message="element click intercepted: Element &amp;lt;span class=&amp;quot;cust-icon-task-status&amp;quot; id=&amp;quot;dvTaskStatus&amp;quot; title=&amp;quot;Task Status&amp;quot;&amp;gt;&amp;lt;/span&amp;gt; is not clickable at point (1202, 44). Other element would receive the click: &amp;lt;div class=&amp;quot;dx-overlay-wrapper dx-loadpanel-wrapper dx-overlay-modal dx-overlay-shader&amp;quot; data-bind=&amp;quot;dxControlsDescendantBindings: true&amp;quot; style=&amp;quot;z-index: 1501; position: fixed; width: 100%; height: 100%; left: 0px; top: 0px; transform: translate(0px, 0px); background-color: transparent;&amp;quot;&amp;gt;...&amp;lt;/div&amp;gt;
  (Session info: chrome=127.0.6533.100)
Build info: version: &amp;apos;4.23.0&amp;apos;, revision: &amp;apos;4df0a231af&amp;apos;
System info: os.name: &amp;apos;Windows 11&amp;apos;, os.arch: &amp;apos;amd64&amp;apos;, os.version: &amp;apos;10.0&amp;apos;, java.version: &amp;apos;21.0.3&amp;apos;
Driver info: org.openqa.selenium.chrome.ChromeDriver
Command: [6797e370ca04f80295b8f1845f3eef3c, clickElement {id=f.14F05AA05EFD5A4ECB845891B543E0A7.d.89FD3BBF49974BDDD7FD7A0AFD1D323A.e.1725}]
Capabilities {acceptInsecureCerts: false, browserName: chrome, browserVersion: 127.0.6533.100, chrome: {chromedriverVersion: 127.0.6533.99 (f31af5097d90..., userDataDir: C:\Windows\SystemTemp\scope...}, fedcm:accounts: true, goog:chromeOptions: {debuggerAddress: localhost:51825}, networkConnectionEnabled: false, pageLoadStrategy: normal, platformName: windows, proxy: Proxy(), se:cdp: ws://localhost:51825/devtoo..., se:cdpVersion: 127.0.6533.100, setWindowRect: true, strictFileInteractability: false, timeouts: {implicit: 0, pageLoad: 300000, script: 30000}, unhandledPromptBehavior: dismiss and notify, webauthn:extension:credBlob: true, webauthn:extension:largeBlob: true, webauthn:extension:minPinLength: true, webauthn:extension:prf: true, webauthn:virtualAuthenticators: true}
Element: [[ChromeDriver: chrome on windows (6797e370ca04f80295b8f1845f3eef3c)] -&amp;gt; id: dvTaskStatus]
Session ID: 6797e370ca04f80295b8f1845f3eef3c">
      <![CDATA[org.openqa.selenium.ElementClickInterceptedException: element click intercepted: Element <span class="cust-icon-task-status" id="dvTaskStatus" title="Task Status"></span> is not clickable at point (1202, 44). Other element would receive the click: <div class="dx-overlay-wrapper dx-loadpanel-wrapper dx-overlay-modal dx-overlay-shader" data-bind="dxControlsDescendantBindings: true" style="z-index: 1501; position: fixed; width: 100%; height: 100%; left: 0px; top: 0px; transform: translate(0px, 0px); background-color: transparent;">...</div>
  (Session info: chrome=127.0.6533.100)
Build info: version: '4.23.0', revision: '4df0a231af'
System info: os.name: 'Windows 11', os.arch: 'amd64', os.version: '10.0', java.version: '21.0.3'
Driver info: org.openqa.selenium.chrome.ChromeDriver
Command: [6797e370ca04f80295b8f1845f3eef3c, clickElement {id=f.14F05AA05EFD5A4ECB845891B543E0A7.d.89FD3BBF49974BDDD7FD7A0AFD1D323A.e.1725}]
Capabilities {acceptInsecureCerts: false, browserName: chrome, browserVersion: 127.0.6533.100, chrome: {chromedriverVersion: 127.0.6533.99 (f31af5097d90..., userDataDir: C:\Windows\SystemTemp\scope...}, fedcm:accounts: true, goog:chromeOptions: {debuggerAddress: localhost:51825}, networkConnectionEnabled: false, pageLoadStrategy: normal, platformName: windows, proxy: Proxy(), se:cdp: ws://localhost:51825/devtoo..., se:cdpVersion: 127.0.6533.100, setWindowRect: true, strictFileInteractability: false, timeouts: {implicit: 0, pageLoad: 300000, script: 30000}, unhandledPromptBehavior: dismiss and notify, webauthn:extension:credBlob: true, webauthn:extension:largeBlob: true, webauthn:extension:minPinLength: true, webauthn:extension:prf: true, webauthn:virtualAuthenticators: true}
Element: [[ChromeDriver: chrome on windows (6797e370ca04f80295b8f1845f3eef3c)] -> id: dvTaskStatus]
Session ID: 6797e370ca04f80295b8f1845f3eef3c
at org.openqa.selenium.remote.ErrorCodec.decode(ErrorCodec.java:167)
at org.openqa.selenium.remote.codec.w3c.W3CHttpResponseCodec.decode(W3CHttpResponseCodec.java:138)
at org.openqa.selenium.remote.codec.w3c.W3CHttpResponseCodec.decode(W3CHttpResponseCodec.java:50)
at org.openqa.selenium.remote.HttpCommandExecutor.execute(HttpCommandExecutor.java:190)
at org.openqa.selenium.remote.service.DriverCommandExecutor.invokeExecute(DriverCommandExecutor.java:216)
at org.openqa.selenium.remote.service.DriverCommandExecutor.execute(DriverCommandExecutor.java:174)
at org.openqa.selenium.remote.RemoteWebDriver.execute(RemoteWebDriver.java:527)
at org.openqa.selenium.remote.RemoteWebElement.execute(RemoteWebElement.java:223)
at org.openqa.selenium.remote.RemoteWebElement.click(RemoteWebElement.java:76)
at org.openqa.selenium.support.pagefactory.internal.LocatingElementHandler.invoke(LocatingElementHandler.java:51)
at jdk.proxy2/jdk.proxy2.$Proxy30.click(Unknown Source)
at pageObjects.Task_Status_Page.taskstatus(Task_Status_Page.java:19)
at testCases.TC17_TaskStatus_Page.taskstatus(TC17_TaskStatus_Page.java:11)
at java.base/java.util.ArrayList.forEach(ArrayList.java:1596)
... Removed 30 stack frames]]>
    </failure>
  </testcase> <!-- taskstatus -->
  <testcase classname="testCases.TC18_Alerts_Page" name="alertpage" time="0.46"/>
  <testcase classname="testCases.TC19_Users_Management_Page" name="UserManagement_Page" time="1.231"/>
  <testcase classname="testCases.TC19_Users_Management_Page" name="AddSAUser" time="0.684"/>
  <testcase classname="pageObjects.Base_Page" name="@BeforeTest setup" time="0.0">
    <ignored/>
  </testcase> <!-- @BeforeTest setup -->
  <testcase classname="pageObjects.Base_Page" name="@BeforeTest setup" time="0.0">
    <ignored/>
  </testcase> <!-- @BeforeTest setup -->
  <testcase classname="pageObjects.Base_Page" name="@BeforeTest setup" time="0.0">
    <ignored/>
  </testcase> <!-- @BeforeTest setup -->
  <testcase classname="pageObjects.Base_Page" name="@BeforeTest setup" time="0.0">
    <ignored/>
  </testcase> <!-- @BeforeTest setup -->
  <testcase classname="pageObjects.Base_Page" name="@BeforeTest setup" time="0.0">
    <ignored/>
  </testcase> <!-- @BeforeTest setup -->
  <testcase classname="pageObjects.Base_Page" name="@AfterTest tearDown" time="0.0">
    <ignored/>
  </testcase> <!-- @AfterTest tearDown -->
  <testcase classname="pageObjects.Base_Page" name="@BeforeTest setup" time="0.0">
    <ignored/>
  </testcase> <!-- @BeforeTest setup -->
  <testcase classname="pageObjects.Base_Page" name="@AfterTest tearDown" time="0.0">
    <ignored/>
  </testcase> <!-- @AfterTest tearDown -->
  <testcase classname="pageObjects.Base_Page" name="@AfterTest tearDown" time="0.0">
    <ignored/>
  </testcase> <!-- @AfterTest tearDown -->
  <testcase classname="pageObjects.Base_Page" name="@BeforeTest setup" time="0.0">
    <ignored/>
  </testcase> <!-- @BeforeTest setup -->
  <testcase classname="pageObjects.Base_Page" name="@AfterTest tearDown" time="0.0">
    <ignored/>
  </testcase> <!-- @AfterTest tearDown -->
  <testcase classname="pageObjects.Base_Page" name="@AfterTest tearDown" time="0.0">
    <ignored/>
  </testcase> <!-- @AfterTest tearDown -->
  <testcase classname="pageObjects.Base_Page" name="@AfterTest tearDown" time="0.0">
    <ignored/>
  </testcase> <!-- @AfterTest tearDown -->
  <testcase classname="pageObjects.Base_Page" name="@AfterTest tearDown" time="0.0">
    <ignored/>
  </testcase> <!-- @AfterTest tearDown -->
  <testcase classname="pageObjects.Base_Page" name="@BeforeTest setup" time="0.0">
    <ignored/>
  </testcase> <!-- @BeforeTest setup -->
  <testcase classname="pageObjects.Base_Page" name="@AfterTest tearDown" time="0.0">
    <ignored/>
  </testcase> <!-- @AfterTest tearDown -->
  <testcase classname="pageObjects.Base_Page" name="@AfterTest tearDown" time="0.0">
    <ignored/>
  </testcase> <!-- @AfterTest tearDown -->
  <testcase classname="pageObjects.Base_Page" name="@AfterTest tearDown" time="0.0">
    <ignored/>
  </testcase> <!-- @AfterTest tearDown -->
  <testcase classname="pageObjects.Base_Page" name="@AfterTest tearDown" time="0.0">
    <ignored/>
  </testcase> <!-- @AfterTest tearDown -->
  <testcase classname="pageObjects.Base_Page" name="@AfterTest tearDown" time="0.0">
    <ignored/>
  </testcase> <!-- @AfterTest tearDown -->
  <testcase classname="pageObjects.Base_Page" name="@BeforeTest setup" time="0.0">
    <ignored/>
  </testcase> <!-- @BeforeTest setup -->
  <testcase classname="pageObjects.Base_Page" name="@AfterTest tearDown" time="0.0">
    <ignored/>
  </testcase> <!-- @AfterTest tearDown -->
  <testcase classname="pageObjects.Base_Page" name="@AfterTest tearDown" time="0.0">
    <ignored/>
  </testcase> <!-- @AfterTest tearDown -->
  <testcase classname="pageObjects.Base_Page" name="@BeforeTest setup" time="0.0">
    <ignored/>
  </testcase> <!-- @BeforeTest setup -->
  <testcase classname="pageObjects.Base_Page" name="@BeforeTest setup" time="0.0">
    <ignored/>
  </testcase> <!-- @BeforeTest setup -->
  <testcase classname="pageObjects.Base_Page" name="@BeforeTest setup" time="0.0">
    <ignored/>
  </testcase> <!-- @BeforeTest setup -->
  <testcase classname="pageObjects.Base_Page" name="@BeforeTest setup" time="0.0">
    <ignored/>
  </testcase> <!-- @BeforeTest setup -->
  <testcase classname="pageObjects.Base_Page" name="@BeforeTest setup" time="0.0">
    <ignored/>
  </testcase> <!-- @BeforeTest setup -->
  <testcase classname="pageObjects.Base_Page" name="@BeforeTest setup" time="0.0">
    <ignored/>
  </testcase> <!-- @BeforeTest setup -->
  <testcase classname="pageObjects.Base_Page" name="@AfterTest tearDown" time="0.0">
    <ignored/>
  </testcase> <!-- @AfterTest tearDown -->
</testsuite> <!-- Test -->
