<?xml version="1.0" encoding="UTF-8"?>
<!-- Generated by org.testng.reporters.JUnitXMLReporter -->
<testsuite ignored="0" hostname="1234-1209" failures="2" tests="16" name="Test" time="86.242" errors="0" timestamp="2024-07-25T12:10:26 IST">
  <testcase classname="testCases.TC02_Signup_Page" name="testsignup" time="1.348">
    <failure type="org.openqa.selenium.ElementNotInteractableException" message="element not interactable
  (Session info: chrome=126.0.6478.183)
Build info: version: &amp;apos;4.22.0&amp;apos;, revision: &amp;apos;c5f3146703*&amp;apos;
System info: os.name: &amp;apos;Windows 11&amp;apos;, os.arch: &amp;apos;amd64&amp;apos;, os.version: &amp;apos;10.0&amp;apos;, java.version: &amp;apos;21.0.3&amp;apos;
Driver info: org.openqa.selenium.chrome.ChromeDriver
Command: [c5d5adb3a638ba5e102f655bcf91a29d, sendKeysToElement {id=f.5F2847609508AA70FBE74F17243578BA.d.8E53AB3ED4E60BA1AF07AF4CA5792165.e.52, value=[Ljava.lang.CharSequence;@3f093abe}]
Capabilities {acceptInsecureCerts: false, browserName: chrome, browserVersion: 126.0.6478.183, chrome: {chromedriverVersion: 126.0.6478.182 (5b5d8292ddf..., userDataDir: C:\Windows\SystemTemp\scope...}, fedcm:accounts: true, goog:chromeOptions: {debuggerAddress: localhost:51390}, networkConnectionEnabled: false, pageLoadStrategy: normal, platformName: windows, proxy: Proxy(), se:cdp: ws://localhost:51390/devtoo..., se:cdpVersion: 126.0.6478.183, setWindowRect: true, strictFileInteractability: false, timeouts: {implicit: 0, pageLoad: 300000, script: 30000}, unhandledPromptBehavior: dismiss and notify, webauthn:extension:credBlob: true, webauthn:extension:largeBlob: true, webauthn:extension:minPinLength: true, webauthn:extension:prf: true, webauthn:virtualAuthenticators: true}
Element: [[ChromeDriver: chrome on windows (c5d5adb3a638ba5e102f655bcf91a29d)] -&amp;gt; xpath: //img[@id=&amp;apos;m_imgCaptcha&amp;apos;]]
Session ID: c5d5adb3a638ba5e102f655bcf91a29d">
      <![CDATA[org.openqa.selenium.ElementNotInteractableException: element not interactable
  (Session info: chrome=126.0.6478.183)
Build info: version: '4.22.0', revision: 'c5f3146703*'
System info: os.name: 'Windows 11', os.arch: 'amd64', os.version: '10.0', java.version: '21.0.3'
Driver info: org.openqa.selenium.chrome.ChromeDriver
Command: [c5d5adb3a638ba5e102f655bcf91a29d, sendKeysToElement {id=f.5F2847609508AA70FBE74F17243578BA.d.8E53AB3ED4E60BA1AF07AF4CA5792165.e.52, value=[Ljava.lang.CharSequence;@3f093abe}]
Capabilities {acceptInsecureCerts: false, browserName: chrome, browserVersion: 126.0.6478.183, chrome: {chromedriverVersion: 126.0.6478.182 (5b5d8292ddf..., userDataDir: C:\Windows\SystemTemp\scope...}, fedcm:accounts: true, goog:chromeOptions: {debuggerAddress: localhost:51390}, networkConnectionEnabled: false, pageLoadStrategy: normal, platformName: windows, proxy: Proxy(), se:cdp: ws://localhost:51390/devtoo..., se:cdpVersion: 126.0.6478.183, setWindowRect: true, strictFileInteractability: false, timeouts: {implicit: 0, pageLoad: 300000, script: 30000}, unhandledPromptBehavior: dismiss and notify, webauthn:extension:credBlob: true, webauthn:extension:largeBlob: true, webauthn:extension:minPinLength: true, webauthn:extension:prf: true, webauthn:virtualAuthenticators: true}
Element: [[ChromeDriver: chrome on windows (c5d5adb3a638ba5e102f655bcf91a29d)] -> xpath: //img[@id='m_imgCaptcha']]
Session ID: c5d5adb3a638ba5e102f655bcf91a29d
at org.openqa.selenium.remote.ErrorCodec.decode(ErrorCodec.java:167)
at org.openqa.selenium.remote.codec.w3c.W3CHttpResponseCodec.decode(W3CHttpResponseCodec.java:138)
at org.openqa.selenium.remote.codec.w3c.W3CHttpResponseCodec.decode(W3CHttpResponseCodec.java:50)
at org.openqa.selenium.remote.HttpCommandExecutor.execute(HttpCommandExecutor.java:190)
at org.openqa.selenium.remote.service.DriverCommandExecutor.invokeExecute(DriverCommandExecutor.java:216)
at org.openqa.selenium.remote.service.DriverCommandExecutor.execute(DriverCommandExecutor.java:174)
at org.openqa.selenium.remote.RemoteWebDriver.execute(RemoteWebDriver.java:518)
at org.openqa.selenium.remote.RemoteWebElement.execute(RemoteWebElement.java:223)
at org.openqa.selenium.remote.RemoteWebElement.sendKeys(RemoteWebElement.java:110)
at org.openqa.selenium.support.pagefactory.internal.LocatingElementHandler.invoke(LocatingElementHandler.java:51)
at jdk.proxy2/jdk.proxy2.$Proxy12.sendKeys(Unknown Source)
at pageObjects.Locators_Class.enterCaptcha(Locators_Class.java:202)
at testCases.TC02_Signup_Page.testsignup(TC02_Signup_Page.java:33)
at java.base/java.util.ArrayList.forEach(ArrayList.java:1596)
... Removed 30 stack frames]]>
    </failure>
  </testcase> <!-- testsignup -->
  <testcase classname="testCases.TC01_Sign_in_Page" name="testsignin" time="4.952"/>
  <testcase classname="testCases.TC03_Computers_Page" name="computerPage" time="1.444"/>
  <testcase classname="testCases.TC04_Groups_Page" name="grouppage" time="1.534"/>
  <testcase classname="testCases.TC05_Policies_Page" name="grouppage" time="0.337"/>
  <testcase classname="testCases.TC06_Application_Page" name="applicationpage" time="2.3"/>
  <testcase classname="testCases.TC07_WindowsUpdate_Page" name="wupage" time="1.312"/>
  <testcase classname="testCases.TC08_Imaging_Page" name="imagingpage" time="1.908"/>
  <testcase classname="testCases.TC09_Inventory_Page" name="invonterypage" time="1.267"/>
  <testcase classname="testCases.TC10_Tickets_Page" name="ticketspage" time="4.231"/>
  <testcase classname="testCases.TC11_DFOD_Page" name="dfodpage" time="10.946">
    <failure type="org.openqa.selenium.ElementNotInteractableException" message="element not interactable
  (Session info: chrome=126.0.6478.183)
Build info: version: &amp;apos;4.22.0&amp;apos;, revision: &amp;apos;c5f3146703*&amp;apos;
System info: os.name: &amp;apos;Windows 11&amp;apos;, os.arch: &amp;apos;amd64&amp;apos;, os.version: &amp;apos;10.0&amp;apos;, java.version: &amp;apos;21.0.3&amp;apos;
Driver info: org.openqa.selenium.chrome.ChromeDriver
Command: [4ec3632f164a1c238e792dfe9a714ac3, clickElement {id=f.E63B3B03FD0D3EC7A4104D263121F8F6.d.86785AE637A8B5979C14EF2C6EE9A6CC.e.290}]
Capabilities {acceptInsecureCerts: false, browserName: chrome, browserVersion: 126.0.6478.183, chrome: {chromedriverVersion: 126.0.6478.182 (5b5d8292ddf..., userDataDir: C:\Windows\SystemTemp\scope...}, fedcm:accounts: true, goog:chromeOptions: {debuggerAddress: localhost:51589}, networkConnectionEnabled: false, pageLoadStrategy: normal, platformName: windows, proxy: Proxy(), se:cdp: ws://localhost:51589/devtoo..., se:cdpVersion: 126.0.6478.183, setWindowRect: true, strictFileInteractability: false, timeouts: {implicit: 0, pageLoad: 300000, script: 30000}, unhandledPromptBehavior: dismiss and notify, webauthn:extension:credBlob: true, webauthn:extension:largeBlob: true, webauthn:extension:minPinLength: true, webauthn:extension:prf: true, webauthn:virtualAuthenticators: true}
Element: [[ChromeDriver: chrome on windows (4ec3632f164a1c238e792dfe9a714ac3)] -&amp;gt; xpath: //a[normalize-space()=&amp;apos;MANAGE SCHEDULES&amp;apos;]]
Session ID: 4ec3632f164a1c238e792dfe9a714ac3">
      <![CDATA[org.openqa.selenium.ElementNotInteractableException: element not interactable
  (Session info: chrome=126.0.6478.183)
Build info: version: '4.22.0', revision: 'c5f3146703*'
System info: os.name: 'Windows 11', os.arch: 'amd64', os.version: '10.0', java.version: '21.0.3'
Driver info: org.openqa.selenium.chrome.ChromeDriver
Command: [4ec3632f164a1c238e792dfe9a714ac3, clickElement {id=f.E63B3B03FD0D3EC7A4104D263121F8F6.d.86785AE637A8B5979C14EF2C6EE9A6CC.e.290}]
Capabilities {acceptInsecureCerts: false, browserName: chrome, browserVersion: 126.0.6478.183, chrome: {chromedriverVersion: 126.0.6478.182 (5b5d8292ddf..., userDataDir: C:\Windows\SystemTemp\scope...}, fedcm:accounts: true, goog:chromeOptions: {debuggerAddress: localhost:51589}, networkConnectionEnabled: false, pageLoadStrategy: normal, platformName: windows, proxy: Proxy(), se:cdp: ws://localhost:51589/devtoo..., se:cdpVersion: 126.0.6478.183, setWindowRect: true, strictFileInteractability: false, timeouts: {implicit: 0, pageLoad: 300000, script: 30000}, unhandledPromptBehavior: dismiss and notify, webauthn:extension:credBlob: true, webauthn:extension:largeBlob: true, webauthn:extension:minPinLength: true, webauthn:extension:prf: true, webauthn:virtualAuthenticators: true}
Element: [[ChromeDriver: chrome on windows (4ec3632f164a1c238e792dfe9a714ac3)] -> xpath: //a[normalize-space()='MANAGE SCHEDULES']]
Session ID: 4ec3632f164a1c238e792dfe9a714ac3
at org.openqa.selenium.remote.ErrorCodec.decode(ErrorCodec.java:167)
at org.openqa.selenium.remote.codec.w3c.W3CHttpResponseCodec.decode(W3CHttpResponseCodec.java:138)
at org.openqa.selenium.remote.codec.w3c.W3CHttpResponseCodec.decode(W3CHttpResponseCodec.java:50)
at org.openqa.selenium.remote.HttpCommandExecutor.execute(HttpCommandExecutor.java:190)
at org.openqa.selenium.remote.service.DriverCommandExecutor.invokeExecute(DriverCommandExecutor.java:216)
at org.openqa.selenium.remote.service.DriverCommandExecutor.execute(DriverCommandExecutor.java:174)
at org.openqa.selenium.remote.RemoteWebDriver.execute(RemoteWebDriver.java:518)
at org.openqa.selenium.remote.RemoteWebElement.execute(RemoteWebElement.java:223)
at org.openqa.selenium.remote.RemoteWebElement.click(RemoteWebElement.java:76)
at org.openqa.selenium.support.pagefactory.internal.LocatingElementHandler.invoke(LocatingElementHandler.java:51)
at jdk.proxy2/jdk.proxy2.$Proxy12.click(Unknown Source)
at pageObjects.Locators_Class.dfodschedule(Locators_Class.java:145)
at testCases.TC11_DFOD_Page.dfodpage(TC11_DFOD_Page.java:27)
at java.base/java.util.ArrayList.forEach(ArrayList.java:1596)
... Removed 30 stack frames]]>
    </failure>
  </testcase> <!-- dfodpage -->
  <testcase classname="testCases.TC12_UsageStats_Page" name="usagestats" time="2.072"/>
  <testcase classname="testCases.TC13_MDM_Page" name="mdmpage" time="1.673"/>
  <testcase classname="testCases.TC16_Tag_Page" name="tagpage" time="0.307"/>
  <testcase classname="testCases.TC17_TaskStatus_Page" name="taskstatus" time="1.01"/>
  <testcase classname="testCases.TC18_Alerts_Page" name="alertpage" time="0.146"/>
</testsuite> <!-- Test -->
