<?xml version="1.0" encoding="UTF-8"?>
<!-- Generated by org.testng.reporters.JUnitXMLReporter -->
<testsuite ignored="32" hostname="1234-1209" failures="3" tests="19" name="Test" time="53.122" errors="0" timestamp="2024-08-06T19:51:43 IST">
  <testcase classname="testCases.TC01_Sign_in_Page" name="testsignin" time="9.234"/>
  <testcase classname="testCases.TC03_Computers_Page" name="computerPageTest" time="14.348"/>
  <testcase classname="testCases.TC04_Groups_Page" name="grouppage" time="7.162"/>
  <testcase classname="testCases.TC05_Policies_Page" name="PolicyPage" time="0.756"/>
  <testcase classname="testCases.TC05_Policies_Page" name="policypage1" time="3.038"/>
  <testcase classname="testCases.TC06_Application_Page" name="applicationpage" time="3.955"/>
  <testcase classname="testCases.TC07_WindowsUpdate_Page" name="wupage" time="0.84"/>
  <testcase classname="testCases.TC08_Imaging_Page" name="ImagingPage" time="2.096"/>
  <testcase classname="testCases.TC09_Inventory_Page" name="invonterypage" time="0.752"/>
  <testcase classname="testCases.TC10_Tickets_Page" name="ticketspage" time="0.875"/>
  <testcase classname="testCases.TC11_DFOD_Page" name="dfodpage" time="0.001"/>
  <testcase classname="testCases.TC12_UsageStats_Page" name="usagestats" time="1.92"/>
  <testcase classname="testCases.TC13_MDM_Page" name="mdmpage" time="0.714"/>
  <testcase classname="testCases.TC16_Tag_Page" name="tagpage" time="1.1">
    <failure type="org.openqa.selenium.ElementClickInterceptedException" message="element click intercepted: Element &amp;lt;span class=&amp;quot;cust-icon-tags-management&amp;quot; title=&amp;quot;Tags Management&amp;quot;&amp;gt;&amp;lt;/span&amp;gt; is not clickable at point (1162, 45). Other element would receive the click: &amp;lt;div class=&amp;quot;dx-overlay-wrapper dx-loadpanel-wrapper dx-overlay-modal dx-overlay-shader&amp;quot; data-bind=&amp;quot;dxControlsDescendantBindings: true&amp;quot; style=&amp;quot;z-index: 1501; position: fixed; width: 100%; height: 100%; left: 0px; top: 0px; transform: translate(0px, 0px); background-color: transparent;&amp;quot;&amp;gt;...&amp;lt;/div&amp;gt;
  (Session info: chrome=127.0.6533.89)
Build info: version: &amp;apos;4.23.0&amp;apos;, revision: &amp;apos;4df0a231af&amp;apos;
System info: os.name: &amp;apos;Windows 11&amp;apos;, os.arch: &amp;apos;amd64&amp;apos;, os.version: &amp;apos;10.0&amp;apos;, java.version: &amp;apos;21.0.3&amp;apos;
Driver info: org.openqa.selenium.chrome.ChromeDriver
Command: [486c5fd032df8e6a1869539dc65bf734, clickElement {id=f.70F575FDA52D56B23BA440CCBBAAA36E.d.1571447B4546D5319126BD50AA12E205.e.1584}]
Capabilities {acceptInsecureCerts: false, browserName: chrome, browserVersion: 127.0.6533.89, chrome: {chromedriverVersion: 127.0.6533.88 (a2d0cb026721..., userDataDir: C:\Windows\SystemTemp\scope...}, fedcm:accounts: true, goog:chromeOptions: {debuggerAddress: localhost:54399}, networkConnectionEnabled: false, pageLoadStrategy: normal, platformName: windows, proxy: Proxy(), se:cdp: ws://localhost:54399/devtoo..., se:cdpVersion: 127.0.6533.89, setWindowRect: true, strictFileInteractability: false, timeouts: {implicit: 0, pageLoad: 300000, script: 30000}, unhandledPromptBehavior: dismiss and notify, webauthn:extension:credBlob: true, webauthn:extension:largeBlob: true, webauthn:extension:minPinLength: true, webauthn:extension:prf: true, webauthn:virtualAuthenticators: true}
Element: [[ChromeDriver: chrome on windows (486c5fd032df8e6a1869539dc65bf734)] -&amp;gt; xpath: //span[@title=&amp;apos;Tags Management&amp;apos;]]
Session ID: 486c5fd032df8e6a1869539dc65bf734">
      <![CDATA[org.openqa.selenium.ElementClickInterceptedException: element click intercepted: Element <span class="cust-icon-tags-management" title="Tags Management"></span> is not clickable at point (1162, 45). Other element would receive the click: <div class="dx-overlay-wrapper dx-loadpanel-wrapper dx-overlay-modal dx-overlay-shader" data-bind="dxControlsDescendantBindings: true" style="z-index: 1501; position: fixed; width: 100%; height: 100%; left: 0px; top: 0px; transform: translate(0px, 0px); background-color: transparent;">...</div>
  (Session info: chrome=127.0.6533.89)
Build info: version: '4.23.0', revision: '4df0a231af'
System info: os.name: 'Windows 11', os.arch: 'amd64', os.version: '10.0', java.version: '21.0.3'
Driver info: org.openqa.selenium.chrome.ChromeDriver
Command: [486c5fd032df8e6a1869539dc65bf734, clickElement {id=f.70F575FDA52D56B23BA440CCBBAAA36E.d.1571447B4546D5319126BD50AA12E205.e.1584}]
Capabilities {acceptInsecureCerts: false, browserName: chrome, browserVersion: 127.0.6533.89, chrome: {chromedriverVersion: 127.0.6533.88 (a2d0cb026721..., userDataDir: C:\Windows\SystemTemp\scope...}, fedcm:accounts: true, goog:chromeOptions: {debuggerAddress: localhost:54399}, networkConnectionEnabled: false, pageLoadStrategy: normal, platformName: windows, proxy: Proxy(), se:cdp: ws://localhost:54399/devtoo..., se:cdpVersion: 127.0.6533.89, setWindowRect: true, strictFileInteractability: false, timeouts: {implicit: 0, pageLoad: 300000, script: 30000}, unhandledPromptBehavior: dismiss and notify, webauthn:extension:credBlob: true, webauthn:extension:largeBlob: true, webauthn:extension:minPinLength: true, webauthn:extension:prf: true, webauthn:virtualAuthenticators: true}
Element: [[ChromeDriver: chrome on windows (486c5fd032df8e6a1869539dc65bf734)] -> xpath: //span[@title='Tags Management']]
Session ID: 486c5fd032df8e6a1869539dc65bf734
at org.openqa.selenium.remote.ErrorCodec.decode(ErrorCodec.java:167)
at org.openqa.selenium.remote.codec.w3c.W3CHttpResponseCodec.decode(W3CHttpResponseCodec.java:138)
at org.openqa.selenium.remote.codec.w3c.W3CHttpResponseCodec.decode(W3CHttpResponseCodec.java:50)
at org.openqa.selenium.remote.HttpCommandExecutor.execute(HttpCommandExecutor.java:190)
at org.openqa.selenium.remote.service.DriverCommandExecutor.invokeExecute(DriverCommandExecutor.java:216)
at org.openqa.selenium.remote.service.DriverCommandExecutor.execute(DriverCommandExecutor.java:174)
at org.openqa.selenium.remote.RemoteWebDriver.execute(RemoteWebDriver.java:527)
at org.openqa.selenium.remote.RemoteWebElement.execute(RemoteWebElement.java:223)
at org.openqa.selenium.remote.RemoteWebElement.click(RemoteWebElement.java:76)
at org.openqa.selenium.support.pagefactory.internal.LocatingElementHandler.invoke(LocatingElementHandler.java:51)
at jdk.proxy2/jdk.proxy2.$Proxy31.click(Unknown Source)
at pageObjects.Tag_Page.tagpage(Tag_Page.java:16)
at testCases.TC16_Tag_Page.tagpage(TC16_Tag_Page.java:11)
at java.base/java.util.ArrayList.forEach(ArrayList.java:1596)
... Removed 30 stack frames]]>
    </failure>
  </testcase> <!-- tagpage -->
  <testcase classname="testCases.TC17_TaskStatus_Page" name="taskstatus" time="1.047">
    <failure type="org.openqa.selenium.ElementClickInterceptedException" message="element click intercepted: Element &amp;lt;span class=&amp;quot;cust-icon-task-status&amp;quot; id=&amp;quot;dvTaskStatus&amp;quot; title=&amp;quot;Task Status&amp;quot;&amp;gt;&amp;lt;/span&amp;gt; is not clickable at point (1202, 44). Other element would receive the click: &amp;lt;div class=&amp;quot;dx-overlay-wrapper dx-loadpanel-wrapper dx-overlay-modal dx-overlay-shader&amp;quot; data-bind=&amp;quot;dxControlsDescendantBindings: true&amp;quot; style=&amp;quot;z-index: 1501; position: fixed; width: 100%; height: 100%; left: 0px; top: 0px; transform: translate(0px, 0px); background-color: transparent;&amp;quot;&amp;gt;...&amp;lt;/div&amp;gt;
  (Session info: chrome=127.0.6533.89)
Build info: version: &amp;apos;4.23.0&amp;apos;, revision: &amp;apos;4df0a231af&amp;apos;
System info: os.name: &amp;apos;Windows 11&amp;apos;, os.arch: &amp;apos;amd64&amp;apos;, os.version: &amp;apos;10.0&amp;apos;, java.version: &amp;apos;21.0.3&amp;apos;
Driver info: org.openqa.selenium.chrome.ChromeDriver
Command: [486c5fd032df8e6a1869539dc65bf734, clickElement {id=f.70F575FDA52D56B23BA440CCBBAAA36E.d.1571447B4546D5319126BD50AA12E205.e.1583}]
Capabilities {acceptInsecureCerts: false, browserName: chrome, browserVersion: 127.0.6533.89, chrome: {chromedriverVersion: 127.0.6533.88 (a2d0cb026721..., userDataDir: C:\Windows\SystemTemp\scope...}, fedcm:accounts: true, goog:chromeOptions: {debuggerAddress: localhost:54399}, networkConnectionEnabled: false, pageLoadStrategy: normal, platformName: windows, proxy: Proxy(), se:cdp: ws://localhost:54399/devtoo..., se:cdpVersion: 127.0.6533.89, setWindowRect: true, strictFileInteractability: false, timeouts: {implicit: 0, pageLoad: 300000, script: 30000}, unhandledPromptBehavior: dismiss and notify, webauthn:extension:credBlob: true, webauthn:extension:largeBlob: true, webauthn:extension:minPinLength: true, webauthn:extension:prf: true, webauthn:virtualAuthenticators: true}
Element: [[ChromeDriver: chrome on windows (486c5fd032df8e6a1869539dc65bf734)] -&amp;gt; xpath: //span[@id=&amp;apos;dvTaskStatus&amp;apos;]]
Session ID: 486c5fd032df8e6a1869539dc65bf734">
      <![CDATA[org.openqa.selenium.ElementClickInterceptedException: element click intercepted: Element <span class="cust-icon-task-status" id="dvTaskStatus" title="Task Status"></span> is not clickable at point (1202, 44). Other element would receive the click: <div class="dx-overlay-wrapper dx-loadpanel-wrapper dx-overlay-modal dx-overlay-shader" data-bind="dxControlsDescendantBindings: true" style="z-index: 1501; position: fixed; width: 100%; height: 100%; left: 0px; top: 0px; transform: translate(0px, 0px); background-color: transparent;">...</div>
  (Session info: chrome=127.0.6533.89)
Build info: version: '4.23.0', revision: '4df0a231af'
System info: os.name: 'Windows 11', os.arch: 'amd64', os.version: '10.0', java.version: '21.0.3'
Driver info: org.openqa.selenium.chrome.ChromeDriver
Command: [486c5fd032df8e6a1869539dc65bf734, clickElement {id=f.70F575FDA52D56B23BA440CCBBAAA36E.d.1571447B4546D5319126BD50AA12E205.e.1583}]
Capabilities {acceptInsecureCerts: false, browserName: chrome, browserVersion: 127.0.6533.89, chrome: {chromedriverVersion: 127.0.6533.88 (a2d0cb026721..., userDataDir: C:\Windows\SystemTemp\scope...}, fedcm:accounts: true, goog:chromeOptions: {debuggerAddress: localhost:54399}, networkConnectionEnabled: false, pageLoadStrategy: normal, platformName: windows, proxy: Proxy(), se:cdp: ws://localhost:54399/devtoo..., se:cdpVersion: 127.0.6533.89, setWindowRect: true, strictFileInteractability: false, timeouts: {implicit: 0, pageLoad: 300000, script: 30000}, unhandledPromptBehavior: dismiss and notify, webauthn:extension:credBlob: true, webauthn:extension:largeBlob: true, webauthn:extension:minPinLength: true, webauthn:extension:prf: true, webauthn:virtualAuthenticators: true}
Element: [[ChromeDriver: chrome on windows (486c5fd032df8e6a1869539dc65bf734)] -> xpath: //span[@id='dvTaskStatus']]
Session ID: 486c5fd032df8e6a1869539dc65bf734
at org.openqa.selenium.remote.ErrorCodec.decode(ErrorCodec.java:167)
at org.openqa.selenium.remote.codec.w3c.W3CHttpResponseCodec.decode(W3CHttpResponseCodec.java:138)
at org.openqa.selenium.remote.codec.w3c.W3CHttpResponseCodec.decode(W3CHttpResponseCodec.java:50)
at org.openqa.selenium.remote.HttpCommandExecutor.execute(HttpCommandExecutor.java:190)
at org.openqa.selenium.remote.service.DriverCommandExecutor.invokeExecute(DriverCommandExecutor.java:216)
at org.openqa.selenium.remote.service.DriverCommandExecutor.execute(DriverCommandExecutor.java:174)
at org.openqa.selenium.remote.RemoteWebDriver.execute(RemoteWebDriver.java:527)
at org.openqa.selenium.remote.RemoteWebElement.execute(RemoteWebElement.java:223)
at org.openqa.selenium.remote.RemoteWebElement.click(RemoteWebElement.java:76)
at org.openqa.selenium.support.pagefactory.internal.LocatingElementHandler.invoke(LocatingElementHandler.java:51)
at jdk.proxy2/jdk.proxy2.$Proxy31.click(Unknown Source)
at pageObjects.Task_Status_Page.taskstatus(Task_Status_Page.java:19)
at testCases.TC17_TaskStatus_Page.taskstatus(TC17_TaskStatus_Page.java:11)
at java.base/java.util.ArrayList.forEach(ArrayList.java:1596)
... Removed 30 stack frames]]>
    </failure>
  </testcase> <!-- taskstatus -->
  <testcase classname="testCases.TC18_Alerts_Page" name="alertpage" time="0.671"/>
  <testcase classname="testCases.TC19_Users_Management_Page" name="UserManagement_Page" time="0.634"/>
  <testcase classname="testCases.TC19_Users_Management_Page" name="AddSAUser" time="0.529"/>
  <testcase classname="testCases.TC02_Signup_Page" name="testsignup" time="0.915">
    <failure type="org.openqa.selenium.ElementNotInteractableException" message="element not interactable
  (Session info: chrome=127.0.6533.89)
Build info: version: &amp;apos;4.23.0&amp;apos;, revision: &amp;apos;4df0a231af&amp;apos;
System info: os.name: &amp;apos;Windows 11&amp;apos;, os.arch: &amp;apos;amd64&amp;apos;, os.version: &amp;apos;10.0&amp;apos;, java.version: &amp;apos;21.0.3&amp;apos;
Driver info: org.openqa.selenium.chrome.ChromeDriver
Command: [486c5fd032df8e6a1869539dc65bf734, sendKeysToElement {id=f.70F575FDA52D56B23BA440CCBBAAA36E.d.6672DB7CCCC965288E14C0BDB2D908C2.e.1876, value=[Ljava.lang.CharSequence;@49f40c00}]
Capabilities {acceptInsecureCerts: false, browserName: chrome, browserVersion: 127.0.6533.89, chrome: {chromedriverVersion: 127.0.6533.88 (a2d0cb026721..., userDataDir: C:\Windows\SystemTemp\scope...}, fedcm:accounts: true, goog:chromeOptions: {debuggerAddress: localhost:54399}, networkConnectionEnabled: false, pageLoadStrategy: normal, platformName: windows, proxy: Proxy(), se:cdp: ws://localhost:54399/devtoo..., se:cdpVersion: 127.0.6533.89, setWindowRect: true, strictFileInteractability: false, timeouts: {implicit: 0, pageLoad: 300000, script: 30000}, unhandledPromptBehavior: dismiss and notify, webauthn:extension:credBlob: true, webauthn:extension:largeBlob: true, webauthn:extension:minPinLength: true, webauthn:extension:prf: true, webauthn:virtualAuthenticators: true}
Element: [[ChromeDriver: chrome on windows (486c5fd032df8e6a1869539dc65bf734)] -&amp;gt; xpath: //img[@id=&amp;apos;m_imgCaptcha&amp;apos;]]
Session ID: 486c5fd032df8e6a1869539dc65bf734">
      <![CDATA[org.openqa.selenium.ElementNotInteractableException: element not interactable
  (Session info: chrome=127.0.6533.89)
Build info: version: '4.23.0', revision: '4df0a231af'
System info: os.name: 'Windows 11', os.arch: 'amd64', os.version: '10.0', java.version: '21.0.3'
Driver info: org.openqa.selenium.chrome.ChromeDriver
Command: [486c5fd032df8e6a1869539dc65bf734, sendKeysToElement {id=f.70F575FDA52D56B23BA440CCBBAAA36E.d.6672DB7CCCC965288E14C0BDB2D908C2.e.1876, value=[Ljava.lang.CharSequence;@49f40c00}]
Capabilities {acceptInsecureCerts: false, browserName: chrome, browserVersion: 127.0.6533.89, chrome: {chromedriverVersion: 127.0.6533.88 (a2d0cb026721..., userDataDir: C:\Windows\SystemTemp\scope...}, fedcm:accounts: true, goog:chromeOptions: {debuggerAddress: localhost:54399}, networkConnectionEnabled: false, pageLoadStrategy: normal, platformName: windows, proxy: Proxy(), se:cdp: ws://localhost:54399/devtoo..., se:cdpVersion: 127.0.6533.89, setWindowRect: true, strictFileInteractability: false, timeouts: {implicit: 0, pageLoad: 300000, script: 30000}, unhandledPromptBehavior: dismiss and notify, webauthn:extension:credBlob: true, webauthn:extension:largeBlob: true, webauthn:extension:minPinLength: true, webauthn:extension:prf: true, webauthn:virtualAuthenticators: true}
Element: [[ChromeDriver: chrome on windows (486c5fd032df8e6a1869539dc65bf734)] -> xpath: //img[@id='m_imgCaptcha']]
Session ID: 486c5fd032df8e6a1869539dc65bf734
at org.openqa.selenium.remote.ErrorCodec.decode(ErrorCodec.java:167)
at org.openqa.selenium.remote.codec.w3c.W3CHttpResponseCodec.decode(W3CHttpResponseCodec.java:138)
at org.openqa.selenium.remote.codec.w3c.W3CHttpResponseCodec.decode(W3CHttpResponseCodec.java:50)
at org.openqa.selenium.remote.HttpCommandExecutor.execute(HttpCommandExecutor.java:190)
at org.openqa.selenium.remote.service.DriverCommandExecutor.invokeExecute(DriverCommandExecutor.java:216)
at org.openqa.selenium.remote.service.DriverCommandExecutor.execute(DriverCommandExecutor.java:174)
at org.openqa.selenium.remote.RemoteWebDriver.execute(RemoteWebDriver.java:527)
at org.openqa.selenium.remote.RemoteWebElement.execute(RemoteWebElement.java:223)
at org.openqa.selenium.remote.RemoteWebElement.sendKeys(RemoteWebElement.java:110)
at org.openqa.selenium.support.pagefactory.internal.LocatingElementHandler.invoke(LocatingElementHandler.java:51)
at jdk.proxy2/jdk.proxy2.$Proxy31.sendKeys(Unknown Source)
at pageObjects.Signup_Page.enterCaptcha(Signup_Page.java:79)
at testCases.TC02_Signup_Page.testsignup(TC02_Signup_Page.java:32)
at java.base/java.util.ArrayList.forEach(ArrayList.java:1596)
... Removed 30 stack frames]]>
    </failure>
  </testcase> <!-- testsignup -->
  <testcase classname="pageObjects.Base_Page" name="@BeforeTest setup" time="0.0">
    <ignored/>
  </testcase> <!-- @BeforeTest setup -->
  <testcase classname="pageObjects.Base_Page" name="@BeforeTest setup" time="0.0">
    <ignored/>
  </testcase> <!-- @BeforeTest setup -->
  <testcase classname="pageObjects.Base_Page" name="@BeforeTest setup" time="0.0">
    <ignored/>
  </testcase> <!-- @BeforeTest setup -->
  <testcase classname="pageObjects.Base_Page" name="@BeforeTest setup" time="0.0">
    <ignored/>
  </testcase> <!-- @BeforeTest setup -->
  <testcase classname="pageObjects.Base_Page" name="@AfterTest tearDown" time="0.0">
    <ignored/>
  </testcase> <!-- @AfterTest tearDown -->
  <testcase classname="pageObjects.Base_Page" name="@BeforeTest setup" time="0.0">
    <ignored/>
  </testcase> <!-- @BeforeTest setup -->
  <testcase classname="pageObjects.Base_Page" name="@AfterTest tearDown" time="0.0">
    <ignored/>
  </testcase> <!-- @AfterTest tearDown -->
  <testcase classname="pageObjects.Base_Page" name="@BeforeTest setup" time="0.0">
    <ignored/>
  </testcase> <!-- @BeforeTest setup -->
  <testcase classname="pageObjects.Base_Page" name="@AfterTest tearDown" time="0.0">
    <ignored/>
  </testcase> <!-- @AfterTest tearDown -->
  <testcase classname="pageObjects.Base_Page" name="@AfterTest tearDown" time="0.0">
    <ignored/>
  </testcase> <!-- @AfterTest tearDown -->
  <testcase classname="pageObjects.Base_Page" name="@BeforeTest setup" time="0.0">
    <ignored/>
  </testcase> <!-- @BeforeTest setup -->
  <testcase classname="pageObjects.Base_Page" name="@BeforeTest setup" time="0.0">
    <ignored/>
  </testcase> <!-- @BeforeTest setup -->
  <testcase classname="pageObjects.Base_Page" name="@AfterTest tearDown" time="0.0">
    <ignored/>
  </testcase> <!-- @AfterTest tearDown -->
  <testcase classname="pageObjects.Base_Page" name="@AfterTest tearDown" time="0.0">
    <ignored/>
  </testcase> <!-- @AfterTest tearDown -->
  <testcase classname="pageObjects.Base_Page" name="@AfterTest tearDown" time="0.0">
    <ignored/>
  </testcase> <!-- @AfterTest tearDown -->
  <testcase classname="pageObjects.Base_Page" name="@AfterTest tearDown" time="0.0">
    <ignored/>
  </testcase> <!-- @AfterTest tearDown -->
  <testcase classname="pageObjects.Base_Page" name="@BeforeTest setup" time="0.0">
    <ignored/>
  </testcase> <!-- @BeforeTest setup -->
  <testcase classname="pageObjects.Base_Page" name="@AfterTest tearDown" time="0.0">
    <ignored/>
  </testcase> <!-- @AfterTest tearDown -->
  <testcase classname="pageObjects.Base_Page" name="@AfterTest tearDown" time="0.0">
    <ignored/>
  </testcase> <!-- @AfterTest tearDown -->
  <testcase classname="pageObjects.Base_Page" name="@AfterTest tearDown" time="0.0">
    <ignored/>
  </testcase> <!-- @AfterTest tearDown -->
  <testcase classname="pageObjects.Base_Page" name="@AfterTest tearDown" time="0.0">
    <ignored/>
  </testcase> <!-- @AfterTest tearDown -->
  <testcase classname="pageObjects.Base_Page" name="@AfterTest tearDown" time="0.0">
    <ignored/>
  </testcase> <!-- @AfterTest tearDown -->
  <testcase classname="pageObjects.Base_Page" name="@BeforeTest setup" time="0.0">
    <ignored/>
  </testcase> <!-- @BeforeTest setup -->
  <testcase classname="pageObjects.Base_Page" name="@AfterTest tearDown" time="0.0">
    <ignored/>
  </testcase> <!-- @AfterTest tearDown -->
  <testcase classname="pageObjects.Base_Page" name="@AfterTest tearDown" time="0.0">
    <ignored/>
  </testcase> <!-- @AfterTest tearDown -->
  <testcase classname="pageObjects.Base_Page" name="@BeforeTest setup" time="0.0">
    <ignored/>
  </testcase> <!-- @BeforeTest setup -->
  <testcase classname="pageObjects.Base_Page" name="@BeforeTest setup" time="0.0">
    <ignored/>
  </testcase> <!-- @BeforeTest setup -->
  <testcase classname="pageObjects.Base_Page" name="@BeforeTest setup" time="0.0">
    <ignored/>
  </testcase> <!-- @BeforeTest setup -->
  <testcase classname="pageObjects.Base_Page" name="@BeforeTest setup" time="0.0">
    <ignored/>
  </testcase> <!-- @BeforeTest setup -->
  <testcase classname="pageObjects.Base_Page" name="@BeforeTest setup" time="0.0">
    <ignored/>
  </testcase> <!-- @BeforeTest setup -->
  <testcase classname="pageObjects.Base_Page" name="@AfterTest tearDown" time="0.0">
    <ignored/>
  </testcase> <!-- @AfterTest tearDown -->
  <testcase classname="pageObjects.Base_Page" name="@BeforeTest setup" time="0.0">
    <ignored/>
  </testcase> <!-- @BeforeTest setup -->
</testsuite> <!-- Test -->
