2024-07-26 10:55:34 INFO  Locators_Class:24 - *** Starting TC01_Sign_in_Page *****
2024-07-26 10:55:34 INFO  Locators_Class:30 - Enter User Name under text box
2024-07-26 10:55:35 INFO  Locators_Class:32 - Click on the Next button
2024-07-26 10:55:35 INFO  Locators_Class:34 - Enter User Password under box
2024-07-26 10:55:35 INFO  Locators_Class:36 - click on the Sign in button
2024-07-26 10:55:35 INFO  Locators_Class:46 - *** End of the logs for Starting TC01_Sign_in_Page *****
2024-07-26 10:55:36 INFO  TC01_Sign_in_Page:24 - *** Starting TC01_Sign_in_Page *****
2024-07-26 10:55:36 INFO  Locators_Class:30 - Enter User Name under text box
2024-07-26 10:55:37 INFO  Locators_Class:32 - Click on the Next button
2024-07-26 10:55:37 INFO  Locators_Class:34 - Enter User Password under box
2024-07-26 10:55:37 INFO  Locators_Class:36 - click on the Sign in button
2024-07-26 10:55:37 INFO  Locators_Class:46 - *** End of the logs for Starting TC01_Sign_in_Page *****
2024-07-26 10:55:44 INFO  TC01_Sign_in_Page:24 - *** Starting TC01_Sign_in_Page *****
2024-07-26 10:55:44 INFO  Locators_Class:30 - Enter User Name under text box
2024-07-26 10:55:44 INFO  Locators_Class:32 - Click on the Next button
2024-07-26 10:55:44 INFO  Locators_Class:34 - Enter User Password under box
2024-07-26 10:55:44 INFO  Locators_Class:36 - click on the Sign in button
2024-07-26 10:55:44 INFO  Locators_Class:46 - *** End of the logs for Starting TC01_Sign_in_Page *****
2024-07-26 10:55:56 INFO  TC01_Sign_in_Page:24 - *** Starting TC01_Sign_in_Page *****
2024-07-26 10:55:56 INFO  Locators_Class:30 - Enter User Name under text box
2024-07-26 10:55:56 INFO  Locators_Class:32 - Click on the Next button
2024-07-26 10:55:56 INFO  Locators_Class:34 - Enter User Password under box
2024-07-26 10:55:56 INFO  Locators_Class:36 - click on the Sign in button
2024-07-26 10:55:56 INFO  Locators_Class:46 - *** End of the logs for Starting TC01_Sign_in_Page *****
2024-07-26 10:56:08 INFO  TC01_Sign_in_Page:24 - *** Starting TC01_Sign_in_Page *****
2024-07-26 10:56:08 INFO  Locators_Class:30 - Enter User Name under text box
2024-07-26 10:56:08 INFO  Locators_Class:32 - Click on the Next button
2024-07-26 10:56:08 INFO  Locators_Class:34 - Enter User Password under box
2024-07-26 10:56:08 INFO  Locators_Class:36 - click on the Sign in button
2024-07-26 10:56:08 INFO  Locators_Class:46 - *** End of the logs for Starting TC01_Sign_in_Page *****
2024-07-26 10:56:20 INFO  TC01_Sign_in_Page:24 - *** Starting TC01_Sign_in_Page *****
2024-07-26 10:56:20 INFO  Locators_Class:30 - Enter User Name under text box
2024-07-26 10:56:20 INFO  Locators_Class:32 - Click on the Next button
2024-07-26 10:56:20 INFO  Locators_Class:34 - Enter User Password under box
2024-07-26 10:56:20 INFO  Locators_Class:36 - click on the Sign in button
2024-07-26 10:56:20 INFO  Locators_Class:46 - *** End of the logs for Starting TC01_Sign_in_Page *****
2024-07-26 10:56:32 INFO  TC01_Sign_in_Page:24 - *** Starting TC01_Sign_in_Page *****
2024-07-26 10:56:32 INFO  Locators_Class:30 - Enter User Name under text box
2024-07-26 10:56:32 INFO  Locators_Class:32 - Click on the Next button
2024-07-26 10:56:32 INFO  Locators_Class:34 - Enter User Password under box
2024-07-26 10:56:32 INFO  Locators_Class:36 - click on the Sign in button
2024-07-26 10:56:32 INFO  Locators_Class:46 - *** End of the logs for Starting TC01_Sign_in_Page *****
2024-07-26 10:56:44 INFO  TC01_Sign_in_Page:24 - *** Starting TC01_Sign_in_Page *****
2024-07-26 10:56:44 INFO  Locators_Class:30 - Enter User Name under text box
2024-07-26 10:56:44 INFO  Locators_Class:32 - Click on the Next button
2024-07-26 10:56:44 INFO  Locators_Class:34 - Enter User Password under box
2024-07-26 10:56:45 INFO  Locators_Class:36 - click on the Sign in button
2024-07-26 10:56:45 INFO  Locators_Class:46 - *** End of the logs for Starting TC01_Sign_in_Page *****
2024-07-26 10:56:52 INFO  TC01_Sign_in_Page:24 - *** Starting TC01_Sign_in_Page *****
2024-07-26 10:56:52 INFO  Locators_Class:30 - Enter User Name under text box
2024-07-26 10:56:52 INFO  Locators_Class:32 - Click on the Next button
2024-07-26 10:56:52 INFO  Locators_Class:34 - Enter User Password under box
2024-07-26 10:56:52 INFO  Locators_Class:36 - click on the Sign in button
2024-07-26 10:56:52 INFO  Locators_Class:46 - *** End of the logs for Starting TC01_Sign_in_Page *****
2024-07-26 10:57:04 INFO  TC01_Sign_in_Page:24 - *** Starting TC01_Sign_in_Page *****
2024-07-26 10:57:04 INFO  Locators_Class:30 - Enter User Name under text box
2024-07-26 10:57:05 INFO  Locators_Class:32 - Click on the Next button
2024-07-26 10:57:05 INFO  Locators_Class:34 - Enter User Password under box
2024-07-26 10:57:05 INFO  Locators_Class:36 - click on the Sign in button
2024-07-26 10:57:05 INFO  Locators_Class:46 - *** End of the logs for Starting TC01_Sign_in_Page *****
2024-07-26 10:57:20 INFO  TC01_Sign_in_Page:24 - *** Starting TC01_Sign_in_Page *****
2024-07-26 10:57:20 INFO  Locators_Class:30 - Enter User Name under text box
2024-07-26 10:57:20 INFO  Locators_Class:32 - Click on the Next button
2024-07-26 10:57:20 INFO  Locators_Class:34 - Enter User Password under box
2024-07-26 10:57:21 INFO  Locators_Class:36 - click on the Sign in button
2024-07-26 10:57:21 INFO  Locators_Class:46 - *** End of the logs for Starting TC01_Sign_in_Page *****
2024-07-26 10:57:32 INFO  TC01_Sign_in_Page:24 - *** Starting TC01_Sign_in_Page *****
2024-07-26 10:57:32 INFO  Locators_Class:30 - Enter User Name under text box
2024-07-26 10:57:32 INFO  Locators_Class:32 - Click on the Next button
2024-07-26 10:57:33 INFO  Locators_Class:34 - Enter User Password under box
2024-07-26 10:57:33 INFO  Locators_Class:36 - click on the Sign in button
2024-07-26 10:57:33 INFO  Locators_Class:46 - *** End of the logs for Starting TC01_Sign_in_Page *****
2024-07-26 10:57:44 INFO  TC01_Sign_in_Page:24 - *** Starting TC01_Sign_in_Page *****
2024-07-26 10:57:44 INFO  Locators_Class:30 - Enter User Name under text box
2024-07-26 10:57:45 INFO  Locators_Class:32 - Click on the Next button
2024-07-26 10:57:45 INFO  Locators_Class:34 - Enter User Password under box
2024-07-26 10:57:45 INFO  Locators_Class:36 - click on the Sign in button
2024-07-26 10:57:45 INFO  Locators_Class:46 - *** End of the logs for Starting TC01_Sign_in_Page *****
2024-07-26 10:57:56 INFO  TC01_Sign_in_Page:24 - *** Starting TC01_Sign_in_Page *****
2024-07-26 10:57:56 INFO  Locators_Class:30 - Enter User Name under text box
2024-07-26 10:57:57 INFO  Locators_Class:32 - Click on the Next button
2024-07-26 10:57:57 INFO  Locators_Class:34 - Enter User Password under box
2024-07-26 10:57:57 INFO  Locators_Class:36 - click on the Sign in button
2024-07-26 10:57:57 INFO  Locators_Class:46 - *** End of the logs for Starting TC01_Sign_in_Page *****
2024-07-26 10:58:08 INFO  TC01_Sign_in_Page:24 - *** Starting TC01_Sign_in_Page *****
2024-07-26 10:58:08 INFO  Locators_Class:30 - Enter User Name under text box
2024-07-26 10:58:09 INFO  Locators_Class:32 - Click on the Next button
2024-07-26 10:58:09 INFO  Locators_Class:34 - Enter User Password under box
2024-07-26 10:58:09 INFO  Locators_Class:36 - click on the Sign in button
2024-07-26 10:58:09 INFO  Locators_Class:46 - *** End of the logs for Starting TC01_Sign_in_Page *****
2024-07-26 11:18:20 INFO  TC01_Sign_in_Page:31 - *** Starting TC01_Sign_in_Page *****
2024-07-26 11:18:20 INFO  Locators_Class:37 - Enter User Name under text box........
2024-07-26 11:18:20 INFO  Locators_Class:39 - Click on the Next button........
2024-07-26 11:20:53 INFO  TC01_Sign_in_Page:24 - *** Starting TC01_Sign_in_Page *****
2024-07-26 11:20:53 INFO  Locators_Class:31 - Enter User Name under text box........
2024-07-26 11:20:54 INFO  Locators_Class:33 - Click on the Next button........
2024-07-26 11:20:54 INFO  Locators_Class:35 - Enter User Password under box
2024-07-26 11:20:54 INFO  Locators_Class:37 - click on the Sign in button
2024-07-26 11:20:54 INFO  Locators_Class:47 - *** End of the logs for Starting TC01_Sign_in_Page *****
2024-07-26 11:39:05 INFO  TC01_Sign_in_Page:20 - *** Starting TC01_Sign_in_Page *****
2024-07-26 11:39:05 ERROR TC01_Sign_in_Page:34 - Test failed
java.lang.NullPointerException: Cannot invoke "org.openqa.selenium.SearchContext.findElement(org.openqa.selenium.By)" because "this.searchContext" is null
	at org.openqa.selenium.support.pagefactory.DefaultElementLocator.findElement(DefaultElementLocator.java:68) ~[selenium-support-4.22.0.jar:?]
	at org.openqa.selenium.support.pagefactory.internal.LocatingElementHandler.invoke(LocatingElementHandler.java:38) ~[selenium-support-4.22.0.jar:?]
	at jdk.proxy2/jdk.proxy2.$Proxy28.sendKeys(Unknown Source) ~[?:?]
	at pageObjects.Locators_Class.enterUserName(Locators_Class.java:88) ~[test-classes/:?]
	at testCases.TC01_Sign_in_Page.testsignin(TC01_Sign_in_Page.java:25) ~[test-classes/:?]
	at java.base/jdk.internal.reflect.DirectMethodHandleAccessor.invoke(DirectMethodHandleAccessor.java:103) ~[?:?]
	at java.base/java.lang.reflect.Method.invoke(Method.java:580) ~[?:?]
	at org.testng.internal.invokers.MethodInvocationHelper.invokeMethod(MethodInvocationHelper.java:141) ~[testng-7.10.2.jar:7.10.2]
	at org.testng.internal.invokers.TestInvoker.invokeMethod(TestInvoker.java:686) ~[testng-7.10.2.jar:7.10.2]
	at org.testng.internal.invokers.TestInvoker.invokeTestMethod(TestInvoker.java:230) ~[testng-7.10.2.jar:7.10.2]
	at org.testng.internal.invokers.MethodRunner.runInSequence(MethodRunner.java:63) ~[testng-7.10.2.jar:7.10.2]
	at org.testng.internal.invokers.TestInvoker$MethodInvocationAgent.invoke(TestInvoker.java:992) ~[testng-7.10.2.jar:7.10.2]
	at org.testng.internal.invokers.TestInvoker.invokeTestMethods(TestInvoker.java:203) ~[testng-7.10.2.jar:7.10.2]
	at org.testng.internal.invokers.TestMethodWorker.invokeTestMethods(TestMethodWorker.java:154) ~[testng-7.10.2.jar:7.10.2]
	at org.testng.internal.invokers.TestMethodWorker.run(TestMethodWorker.java:134) ~[testng-7.10.2.jar:7.10.2]
	at java.base/java.util.ArrayList.forEach(ArrayList.java:1596) [?:?]
	at org.testng.TestRunner.privateRun(TestRunner.java:739) [testng-7.10.2.jar:7.10.2]
	at org.testng.TestRunner.run(TestRunner.java:614) [testng-7.10.2.jar:7.10.2]
	at org.testng.SuiteRunner.runTest(SuiteRunner.java:421) [testng-7.10.2.jar:7.10.2]
	at org.testng.SuiteRunner.runSequentially(SuiteRunner.java:413) [testng-7.10.2.jar:7.10.2]
	at org.testng.SuiteRunner.privateRun(SuiteRunner.java:373) [testng-7.10.2.jar:7.10.2]
	at org.testng.SuiteRunner.run(SuiteRunner.java:312) [testng-7.10.2.jar:7.10.2]
	at org.testng.SuiteRunnerWorker.runSuite(SuiteRunnerWorker.java:52) [testng-7.10.2.jar:7.10.2]
	at org.testng.SuiteRunnerWorker.run(SuiteRunnerWorker.java:95) [testng-7.10.2.jar:7.10.2]
	at org.testng.TestNG.runSuitesSequentially(TestNG.java:1274) [testng-7.10.2.jar:7.10.2]
	at org.testng.TestNG.runSuitesLocally(TestNG.java:1208) [testng-7.10.2.jar:7.10.2]
	at org.testng.TestNG.runSuites(TestNG.java:1112) [testng-7.10.2.jar:7.10.2]
	at org.testng.TestNG.run(TestNG.java:1079) [testng-7.10.2.jar:7.10.2]
	at org.testng.remote.AbstractRemoteTestNG.run(AbstractRemoteTestNG.java:115) [testng-remote.jar:?]
	at org.testng.remote.RemoteTestNG.initAndRun(RemoteTestNG.java:293) [testng-remote.jar:?]
	at org.testng.remote.RemoteTestNG.main(RemoteTestNG.java:91) [testng-remote.jar:?]
2024-07-26 11:43:33 INFO  TC01_Sign_in_Page:23 - *** Starting TC01_Sign_in_Page *****
2024-07-26 11:43:33 ERROR TC01_Sign_in_Page:37 - Test failed
java.lang.NullPointerException: Cannot invoke "org.openqa.selenium.SearchContext.findElement(org.openqa.selenium.By)" because "this.searchContext" is null
	at org.openqa.selenium.support.pagefactory.DefaultElementLocator.findElement(DefaultElementLocator.java:68) ~[selenium-support-4.22.0.jar:?]
	at org.openqa.selenium.support.pagefactory.internal.LocatingElementHandler.invoke(LocatingElementHandler.java:38) ~[selenium-support-4.22.0.jar:?]
	at jdk.proxy2/jdk.proxy2.$Proxy28.sendKeys(Unknown Source) ~[?:?]
	at pageObjects.Locators_Class.enterUserName(Locators_Class.java:88) ~[test-classes/:?]
	at testCases.TC01_Sign_in_Page.testsignin(TC01_Sign_in_Page.java:28) ~[test-classes/:?]
	at java.base/jdk.internal.reflect.DirectMethodHandleAccessor.invoke(DirectMethodHandleAccessor.java:103) ~[?:?]
	at java.base/java.lang.reflect.Method.invoke(Method.java:580) ~[?:?]
	at org.testng.internal.invokers.MethodInvocationHelper.invokeMethod(MethodInvocationHelper.java:141) ~[testng-7.10.2.jar:7.10.2]
	at org.testng.internal.invokers.TestInvoker.invokeMethod(TestInvoker.java:686) ~[testng-7.10.2.jar:7.10.2]
	at org.testng.internal.invokers.TestInvoker.invokeTestMethod(TestInvoker.java:230) ~[testng-7.10.2.jar:7.10.2]
	at org.testng.internal.invokers.MethodRunner.runInSequence(MethodRunner.java:63) ~[testng-7.10.2.jar:7.10.2]
	at org.testng.internal.invokers.TestInvoker$MethodInvocationAgent.invoke(TestInvoker.java:992) ~[testng-7.10.2.jar:7.10.2]
	at org.testng.internal.invokers.TestInvoker.invokeTestMethods(TestInvoker.java:203) ~[testng-7.10.2.jar:7.10.2]
	at org.testng.internal.invokers.TestMethodWorker.invokeTestMethods(TestMethodWorker.java:154) ~[testng-7.10.2.jar:7.10.2]
	at org.testng.internal.invokers.TestMethodWorker.run(TestMethodWorker.java:134) ~[testng-7.10.2.jar:7.10.2]
	at java.base/java.util.ArrayList.forEach(ArrayList.java:1596) [?:?]
	at org.testng.TestRunner.privateRun(TestRunner.java:739) [testng-7.10.2.jar:7.10.2]
	at org.testng.TestRunner.run(TestRunner.java:614) [testng-7.10.2.jar:7.10.2]
	at org.testng.SuiteRunner.runTest(SuiteRunner.java:421) [testng-7.10.2.jar:7.10.2]
	at org.testng.SuiteRunner.runSequentially(SuiteRunner.java:413) [testng-7.10.2.jar:7.10.2]
	at org.testng.SuiteRunner.privateRun(SuiteRunner.java:373) [testng-7.10.2.jar:7.10.2]
	at org.testng.SuiteRunner.run(SuiteRunner.java:312) [testng-7.10.2.jar:7.10.2]
	at org.testng.SuiteRunnerWorker.runSuite(SuiteRunnerWorker.java:52) [testng-7.10.2.jar:7.10.2]
	at org.testng.SuiteRunnerWorker.run(SuiteRunnerWorker.java:95) [testng-7.10.2.jar:7.10.2]
	at org.testng.TestNG.runSuitesSequentially(TestNG.java:1274) [testng-7.10.2.jar:7.10.2]
	at org.testng.TestNG.runSuitesLocally(TestNG.java:1208) [testng-7.10.2.jar:7.10.2]
	at org.testng.TestNG.runSuites(TestNG.java:1112) [testng-7.10.2.jar:7.10.2]
	at org.testng.TestNG.run(TestNG.java:1079) [testng-7.10.2.jar:7.10.2]
	at org.testng.remote.AbstractRemoteTestNG.run(AbstractRemoteTestNG.java:115) [testng-remote.jar:?]
	at org.testng.remote.RemoteTestNG.initAndRun(RemoteTestNG.java:293) [testng-remote.jar:?]
	at org.testng.remote.RemoteTestNG.main(RemoteTestNG.java:91) [testng-remote.jar:?]
2024-07-26 11:57:25 INFO  TC01_Sign_in_Page:23 - *** Starting TC01_Sign_in_Page *****
2024-07-26 11:57:25 ERROR TC01_Sign_in_Page:37 - Test failed
java.lang.NullPointerException: Cannot invoke "org.openqa.selenium.SearchContext.findElement(org.openqa.selenium.By)" because "this.searchContext" is null
	at org.openqa.selenium.support.pagefactory.DefaultElementLocator.findElement(DefaultElementLocator.java:68) ~[selenium-support-4.22.0.jar:?]
	at org.openqa.selenium.support.pagefactory.internal.LocatingElementHandler.invoke(LocatingElementHandler.java:38) ~[selenium-support-4.22.0.jar:?]
	at jdk.proxy2/jdk.proxy2.$Proxy28.sendKeys(Unknown Source) ~[?:?]
	at pageObjects.Locators_Class.enterUserName(Locators_Class.java:111) ~[test-classes/:?]
	at testCases.TC01_Sign_in_Page.testsignin(TC01_Sign_in_Page.java:28) ~[test-classes/:?]
	at java.base/jdk.internal.reflect.DirectMethodHandleAccessor.invoke(DirectMethodHandleAccessor.java:103) ~[?:?]
	at java.base/java.lang.reflect.Method.invoke(Method.java:580) ~[?:?]
	at org.testng.internal.invokers.MethodInvocationHelper.invokeMethod(MethodInvocationHelper.java:141) ~[testng-7.10.2.jar:7.10.2]
	at org.testng.internal.invokers.TestInvoker.invokeMethod(TestInvoker.java:686) ~[testng-7.10.2.jar:7.10.2]
	at org.testng.internal.invokers.TestInvoker.invokeTestMethod(TestInvoker.java:230) ~[testng-7.10.2.jar:7.10.2]
	at org.testng.internal.invokers.MethodRunner.runInSequence(MethodRunner.java:63) ~[testng-7.10.2.jar:7.10.2]
	at org.testng.internal.invokers.TestInvoker$MethodInvocationAgent.invoke(TestInvoker.java:992) ~[testng-7.10.2.jar:7.10.2]
	at org.testng.internal.invokers.TestInvoker.invokeTestMethods(TestInvoker.java:203) ~[testng-7.10.2.jar:7.10.2]
	at org.testng.internal.invokers.TestMethodWorker.invokeTestMethods(TestMethodWorker.java:154) ~[testng-7.10.2.jar:7.10.2]
	at org.testng.internal.invokers.TestMethodWorker.run(TestMethodWorker.java:134) ~[testng-7.10.2.jar:7.10.2]
	at java.base/java.util.ArrayList.forEach(ArrayList.java:1596) [?:?]
	at org.testng.TestRunner.privateRun(TestRunner.java:739) [testng-7.10.2.jar:7.10.2]
	at org.testng.TestRunner.run(TestRunner.java:614) [testng-7.10.2.jar:7.10.2]
	at org.testng.SuiteRunner.runTest(SuiteRunner.java:421) [testng-7.10.2.jar:7.10.2]
	at org.testng.SuiteRunner.runSequentially(SuiteRunner.java:413) [testng-7.10.2.jar:7.10.2]
	at org.testng.SuiteRunner.privateRun(SuiteRunner.java:373) [testng-7.10.2.jar:7.10.2]
	at org.testng.SuiteRunner.run(SuiteRunner.java:312) [testng-7.10.2.jar:7.10.2]
	at org.testng.SuiteRunnerWorker.runSuite(SuiteRunnerWorker.java:52) [testng-7.10.2.jar:7.10.2]
	at org.testng.SuiteRunnerWorker.run(SuiteRunnerWorker.java:95) [testng-7.10.2.jar:7.10.2]
	at org.testng.TestNG.runSuitesSequentially(TestNG.java:1274) [testng-7.10.2.jar:7.10.2]
	at org.testng.TestNG.runSuitesLocally(TestNG.java:1208) [testng-7.10.2.jar:7.10.2]
	at org.testng.TestNG.runSuites(TestNG.java:1112) [testng-7.10.2.jar:7.10.2]
	at org.testng.TestNG.run(TestNG.java:1079) [testng-7.10.2.jar:7.10.2]
	at org.testng.remote.AbstractRemoteTestNG.run(AbstractRemoteTestNG.java:115) [testng-remote.jar:?]
	at org.testng.remote.RemoteTestNG.initAndRun(RemoteTestNG.java:293) [testng-remote.jar:?]
	at org.testng.remote.RemoteTestNG.main(RemoteTestNG.java:91) [testng-remote.jar:?]
2024-07-26 12:25:57 INFO  TC01_Sign_in_Page:24 - *** Starting TC01_Sign_in_Page *****
2024-07-26 12:25:57 INFO  Locators_Class:30 - Enter User Name under text box
2024-07-26 12:25:58 INFO  Locators_Class:32 - Click on the Next button
2024-07-26 12:25:58 INFO  Locators_Class:34 - Enter User Password under box
2024-07-26 12:26:00 INFO  Locators_Class:36 - click on the Sign in button
2024-07-26 12:26:00 INFO  Locators_Class:46 - *** End of the logs for Starting TC01_Sign_in_Page *****
2024-07-26 12:58:07 INFO  Locators_Class:23 - *** TC01_Sign_in_Page test shuru ho raha hai *****
2024-07-26 12:58:07 INFO  Locators_Class:29 - Username text box me enter kiya
2024-07-26 12:58:08 INFO  Locators_Class:31 - Next button pe click kiya
2024-07-26 12:58:08 INFO  Locators_Class:33 - Password text box me enter kiya
2024-07-26 12:58:12 INFO  Locators_Class:35 - Sign-in button pe click kiya
2024-07-26 12:58:12 INFO  Locators_Class:42 - *** TC01_Sign_in_Page test ke logs khatam *****
2024-07-26 12:58:15 INFO  TC01_Sign_in_Page:23 - *** TC01_Sign_in_Page test shuru ho raha hai *****
2024-07-26 12:58:15 INFO  Locators_Class:29 - Username text box me enter kiya
2024-07-26 12:58:16 INFO  Locators_Class:31 - Next button pe click kiya
2024-07-26 12:58:16 INFO  Locators_Class:33 - Password text box me enter kiya
2024-07-26 12:58:19 INFO  Locators_Class:35 - Sign-in button pe click kiya
2024-07-26 12:58:19 INFO  Locators_Class:42 - *** TC01_Sign_in_Page test ke logs khatam *****
2024-07-26 12:58:33 INFO  TC01_Sign_in_Page:23 - *** TC01_Sign_in_Page test shuru ho raha hai *****
2024-07-26 12:58:33 INFO  Locators_Class:29 - Username text box me enter kiya
2024-07-26 12:58:33 INFO  Locators_Class:31 - Next button pe click kiya
2024-07-26 12:58:33 INFO  Locators_Class:33 - Password text box me enter kiya
2024-07-26 12:58:34 INFO  Locators_Class:35 - Sign-in button pe click kiya
2024-07-26 12:58:34 INFO  Locators_Class:42 - *** TC01_Sign_in_Page test ke logs khatam *****
2024-07-26 12:58:40 INFO  TC01_Sign_in_Page:23 - *** TC01_Sign_in_Page test shuru ho raha hai *****
2024-07-26 12:58:40 INFO  Locators_Class:29 - Username text box me enter kiya
2024-07-26 12:58:40 INFO  Locators_Class:31 - Next button pe click kiya
2024-07-26 12:58:40 INFO  Locators_Class:33 - Password text box me enter kiya
2024-07-26 12:58:42 INFO  Locators_Class:35 - Sign-in button pe click kiya
2024-07-26 12:58:42 INFO  Locators_Class:42 - *** TC01_Sign_in_Page test ke logs khatam *****
2024-07-26 12:58:44 INFO  TC01_Sign_in_Page:23 - *** TC01_Sign_in_Page test shuru ho raha hai *****
2024-07-26 12:58:44 INFO  Locators_Class:29 - Username text box me enter kiya
2024-07-26 12:58:45 INFO  Locators_Class:31 - Next button pe click kiya
2024-07-26 12:58:45 INFO  Locators_Class:33 - Password text box me enter kiya
2024-07-26 12:58:48 INFO  Locators_Class:35 - Sign-in button pe click kiya
2024-07-26 12:58:48 INFO  Locators_Class:42 - *** TC01_Sign_in_Page test ke logs khatam *****
2024-07-26 12:58:58 INFO  TC01_Sign_in_Page:23 - *** TC01_Sign_in_Page test shuru ho raha hai *****
2024-07-26 12:58:58 INFO  Locators_Class:29 - Username text box me enter kiya
2024-07-26 12:58:59 INFO  Locators_Class:31 - Next button pe click kiya
2024-07-26 12:58:59 INFO  Locators_Class:33 - Password text box me enter kiya
2024-07-26 12:58:59 INFO  Locators_Class:35 - Sign-in button pe click kiya
2024-07-26 12:58:59 INFO  Locators_Class:42 - *** TC01_Sign_in_Page test ke logs khatam *****
2024-07-26 12:59:07 INFO  TC01_Sign_in_Page:23 - *** TC01_Sign_in_Page test shuru ho raha hai *****
2024-07-26 12:59:07 INFO  Locators_Class:29 - Username text box me enter kiya
2024-07-26 12:59:08 INFO  Locators_Class:31 - Next button pe click kiya
2024-07-26 12:59:08 INFO  Locators_Class:33 - Password text box me enter kiya
2024-07-26 12:59:09 INFO  Locators_Class:35 - Sign-in button pe click kiya
2024-07-26 12:59:09 INFO  Locators_Class:42 - *** TC01_Sign_in_Page test ke logs khatam *****
2024-07-26 12:59:29 INFO  TC01_Sign_in_Page:23 - *** TC01_Sign_in_Page test shuru ho raha hai *****
2024-07-26 12:59:29 INFO  Locators_Class:29 - Username text box me enter kiya
2024-07-26 12:59:30 INFO  Locators_Class:31 - Next button pe click kiya
2024-07-26 12:59:30 INFO  Locators_Class:33 - Password text box me enter kiya
2024-07-26 12:59:34 INFO  Locators_Class:35 - Sign-in button pe click kiya
2024-07-26 12:59:34 INFO  Locators_Class:42 - *** TC01_Sign_in_Page test ke logs khatam *****
2024-07-26 12:59:40 INFO  TC01_Sign_in_Page:23 - *** TC01_Sign_in_Page test shuru ho raha hai *****
2024-07-26 12:59:41 INFO  Locators_Class:29 - Username text box me enter kiya
2024-07-26 12:59:41 INFO  Locators_Class:31 - Next button pe click kiya
2024-07-26 12:59:41 INFO  Locators_Class:33 - Password text box me enter kiya
2024-07-26 12:59:41 INFO  Locators_Class:35 - Sign-in button pe click kiya
2024-07-26 12:59:41 INFO  Locators_Class:42 - *** TC01_Sign_in_Page test ke logs khatam *****
2024-07-26 12:59:47 INFO  TC01_Sign_in_Page:23 - *** TC01_Sign_in_Page test shuru ho raha hai *****
2024-07-26 12:59:47 INFO  Locators_Class:29 - Username text box me enter kiya
2024-07-26 12:59:49 INFO  Locators_Class:31 - Next button pe click kiya
2024-07-26 12:59:49 INFO  Locators_Class:33 - Password text box me enter kiya
2024-07-26 12:59:53 INFO  Locators_Class:35 - Sign-in button pe click kiya
2024-07-26 12:59:53 INFO  Locators_Class:42 - *** TC01_Sign_in_Page test ke logs khatam *****
2024-07-26 13:00:11 INFO  TC01_Sign_in_Page:23 - *** TC01_Sign_in_Page test shuru ho raha hai *****
2024-07-26 13:00:11 INFO  Locators_Class:29 - Username text box me enter kiya
2024-07-26 13:00:12 INFO  Locators_Class:31 - Next button pe click kiya
2024-07-26 13:00:12 INFO  Locators_Class:33 - Password text box me enter kiya
2024-07-26 13:00:17 INFO  Locators_Class:35 - Sign-in button pe click kiya
2024-07-26 13:00:17 INFO  Locators_Class:42 - *** TC01_Sign_in_Page test ke logs khatam *****
2024-07-26 13:00:23 INFO  TC01_Sign_in_Page:23 - *** TC01_Sign_in_Page test shuru ho raha hai *****
2024-07-26 13:00:23 INFO  Locators_Class:29 - Username text box me enter kiya
2024-07-26 13:00:23 INFO  Locators_Class:31 - Next button pe click kiya
2024-07-26 13:00:23 INFO  Locators_Class:33 - Password text box me enter kiya
2024-07-26 13:00:25 INFO  Locators_Class:35 - Sign-in button pe click kiya
2024-07-26 13:00:25 INFO  Locators_Class:42 - *** TC01_Sign_in_Page test ke logs khatam *****
2024-07-26 13:00:29 INFO  TC01_Sign_in_Page:23 - *** TC01_Sign_in_Page test shuru ho raha hai *****
2024-07-26 13:00:29 INFO  Locators_Class:29 - Username text box me enter kiya
2024-07-26 13:00:30 INFO  Locators_Class:31 - Next button pe click kiya
2024-07-26 13:00:30 INFO  Locators_Class:33 - Password text box me enter kiya
2024-07-26 13:00:32 INFO  Locators_Class:35 - Sign-in button pe click kiya
2024-07-26 13:00:32 INFO  Locators_Class:42 - *** TC01_Sign_in_Page test ke logs khatam *****
2024-07-26 13:00:42 INFO  TC01_Sign_in_Page:23 - *** TC01_Sign_in_Page test shuru ho raha hai *****
2024-07-26 13:00:42 INFO  Locators_Class:29 - Username text box me enter kiya
2024-07-26 13:00:43 INFO  Locators_Class:31 - Next button pe click kiya
2024-07-26 13:00:43 INFO  Locators_Class:33 - Password text box me enter kiya
2024-07-26 13:00:47 INFO  Locators_Class:35 - Sign-in button pe click kiya
2024-07-26 13:00:47 INFO  Locators_Class:42 - *** TC01_Sign_in_Page test ke logs khatam *****
2024-07-26 13:00:54 INFO  TC01_Sign_in_Page:23 - *** TC01_Sign_in_Page test shuru ho raha hai *****
2024-07-26 13:00:54 INFO  Locators_Class:29 - Username text box me enter kiya
2024-07-26 13:00:54 INFO  Locators_Class:31 - Next button pe click kiya
2024-07-26 13:00:54 INFO  Locators_Class:33 - Password text box me enter kiya
2024-07-26 13:00:57 INFO  Locators_Class:35 - Sign-in button pe click kiya
2024-07-26 13:00:57 INFO  Locators_Class:42 - *** TC01_Sign_in_Page test ke logs khatam *****
